9-26-2023 14:51:19 - verbose: Arguments:
9-26-2023 14:51:19 - verbose:   /Applications/Cocos/Creator/3.7.4/CocosCreator.app/Contents/MacOS/CocosCreator: true
9-26-2023 14:51:19 - verbose:   project: /Users/shiyanjun/Downloads/MoveBall
9-26-2023 14:51:19 - verbose:   dev: false
9-26-2023 14:51:19 - verbose:   home: /Users/shiyanjun/.CocosCreator
9-26-2023 14:51:19 - verbose:  
9-26-2023 14:51:23 - verbose: [Package] menu@1.0.0 enable
9-26-2023 14:51:23 - verbose: [Package] profile@1.0.0 enable
9-26-2023 14:51:23 - verbose: [Package] project@1.0.4 enable
9-26-2023 14:51:23 - verbose: [Package] messages@1.0.0 enable
9-26-2023 14:51:23 - verbose: [Package] program@1.0.3 enable
9-26-2023 14:51:23 - verbose: [Package] tester@1.0.0 enable
9-26-2023 14:51:23 - verbose: [Package] information@1.0.0 enable
9-26-2023 14:51:23 - verbose: [Package] preferences@1.0.0 enable
9-26-2023 14:51:25 - log: Load engine in /Applications/Cocos/Creator/3.7.4/CocosCreator.app/Contents/Resources/resources/3d/engine
9-26-2023 14:51:25 - log: Profile changed: engine (modules.includeModules: 2d,animation,audio,base,dragon-bones,gfx-webgl,gfx-webgl2,intersection-2d,particle-2d,physics-2d-box2d,profiler,spine,tiled-map,tween,ui,video,webview)
9-26-2023 14:51:25 - log: Register native engine in /Applications/Cocos/Creator/3.7.4/CocosCreator.app/Contents/Resources/resources/3d/engine/native
9-26-2023 14:51:25 - verbose: [Package] engine@1.0.7 enable
9-26-2023 14:51:26 - verbose: [Package] programming@1.0.0 enable
9-26-2023 14:51:26 - verbose: [Package] device@1.0.1 enable
9-26-2023 14:51:26 - verbose: [Package] ui-kit@1.0.1 enable
9-26-2023 14:51:26 - verbose: [Package] asset-db@1.0.0 enable
9-26-2023 14:51:26 - verbose: [Package] scene@1.0.0 enable
9-26-2023 14:51:26 - verbose: [Package] server@1.0.0 enable
9-26-2023 14:51:26 - verbose: [Package] utils@1.0.0 enable
9-26-2023 14:51:29 - verbose: [Package] preview@1.0.1 enable
9-26-2023 14:51:29 - verbose: [Package] animator@1.0.0 enable
9-26-2023 14:51:30 - verbose: [Build-plugin] register pkg scene: 1ms
9-26-2023 14:51:30 - verbose: Builder PluginManager init: 1ms
9-26-2023 14:51:30 - log: Profile changed: builder (log.level: 1)
9-26-2023 14:51:30 - verbose: [Package] builder@1.3.5 enable
9-26-2023 14:51:30 - verbose: [Package] shortcuts@1.0.1 enable
9-26-2023 14:51:30 - verbose: [Package] animation-graph@1.0.0 enable
9-26-2023 14:51:30 - verbose: [Package] about@1.0.0 enable
9-26-2023 14:51:30 - verbose: [Package] assets@1.0.0 enable
9-26-2023 14:51:30 - verbose: [Package] console@1.0.0 enable
9-26-2023 14:51:30 - verbose: [Package] crash-reporter@1.0.0 enable
9-26-2023 14:51:30 - verbose: [Package] extension@3.1.1 enable
9-26-2023 14:51:30 - verbose: [Package] hierarchy@1.0.0 enable
9-26-2023 14:51:30 - verbose: [Package] inspector@1.0.0 enable
9-26-2023 14:51:30 - verbose: [Package] light-probe@1.0.4 enable
9-26-2023 14:51:30 - verbose: [Package] lightmap@1.0.4 enable
9-26-2023 14:51:30 - verbose: [Package] node-library@1.0.1 enable
9-26-2023 14:51:30 - verbose: [Package] package-asset@1.0.1 enable
9-26-2023 14:51:30 - verbose: [Package] process@1.0.0 enable
9-26-2023 14:51:30 - verbose: [Package] reference-image@1.0.0 enable
9-26-2023 14:51:30 - verbose: [Package] reflection-probe@1.0.4 enable
9-26-2023 14:51:30 - verbose: [Package] cocos-service@3.0.7 enable
9-26-2023 14:51:30 - verbose: [Build-plugin] register pkg cocos-service: 25ms
9-26-2023 14:51:30 - verbose: [Package] engine-extends@1.0.0 enable
9-26-2023 14:51:30 - verbose: [Package] alipay-mini-game@1.0.1 enable
9-26-2023 14:51:30 - verbose: [Package] android@1.0.1 enable
9-26-2023 14:51:31 - verbose: [Package] bytedance-mini-game@1.0.2 enable
9-26-2023 14:51:31 - verbose: [Package] certificate@1.0.0 enable
9-26-2023 14:51:31 - verbose: [Package] channel-upload-tools@1.0.0 enable
9-26-2023 14:51:31 - verbose: [Package] fb-instant-games@1.0.0 enable
9-26-2023 14:51:31 - verbose: [Package] huawei-agc@1.0.0 enable
9-26-2023 14:51:31 - verbose: [Build-plugin] register pkg android: 151ms
9-26-2023 14:51:31 - verbose: [Package] huawei-quick-game@1.0.1 enable
9-26-2023 14:51:31 - verbose: [Build-plugin] register pkg bytedance-mini-game: 130ms
9-26-2023 14:51:32 - verbose: [Package] ios@1.0.0 enable
9-26-2023 14:51:32 - verbose: [Package] linux@1.0.0 enable
9-26-2023 14:51:32 - verbose: [Package] mac@1.0.0 enable
9-26-2023 14:51:32 - verbose: [Build-plugin] register pkg fb-instant-games: 1259ms
9-26-2023 14:51:32 - verbose: [Package] native@1.0.2 enable
9-26-2023 14:51:32 - verbose: [Build-plugin] register pkg native: 30ms
9-26-2023 14:51:32 - verbose: [Build-plugin] register pkg huawei-agc: 1323ms
9-26-2023 14:51:32 - verbose: [Build-plugin] register pkg huawei-quick-game: 1301ms
9-26-2023 14:51:32 - verbose: [Package] ohos@1.0.0 enable
9-26-2023 14:51:32 - verbose: [Build-plugin] register pkg ios: 170ms
9-26-2023 14:51:32 - verbose: [Package] open-harmonyos@1.0.0 enable
9-26-2023 14:51:32 - verbose: [Build-plugin] register pkg mac: 145ms
9-26-2023 14:51:32 - verbose: [Package] oppo-mini-game@1.0.1 enable
9-26-2023 14:51:32 - verbose: [Package] runtime-dev-tools@1.0.0 enable
9-26-2023 14:51:32 - verbose: asset-db is ready!
9-26-2023 14:51:32 - verbose: [Package] taobao-creative-app@1.0.0 enable
9-26-2023 14:51:32 - verbose: [Package] taobao-mini-game@1.0.0 enable
9-26-2023 14:51:32 - verbose: [Build-plugin] register pkg ohos: 143ms
9-26-2023 14:51:32 - verbose: [Package] vivo-mini-game@1.0.1 enable
9-26-2023 14:51:32 - verbose: [Package] web-desktop@1.0.1 enable
9-26-2023 14:51:32 - verbose: [Package] web-mobile@1.0.1 enable
9-26-2023 14:51:32 - verbose: [Build-plugin] register pkg oppo-mini-game: 174ms
9-26-2023 14:51:32 - verbose: [Build-plugin] register pkg taobao-mini-game: 101ms
9-26-2023 14:51:32 - verbose: [Package] wechatgame@1.0.2 enable
9-26-2023 14:51:32 - verbose: [Build-plugin] register pkg taobao-creative-app: 146ms
9-26-2023 14:51:32 - verbose: [Package] wechatprogram@1.0.2 enable
9-26-2023 14:51:32 - verbose: [Package] windows@1.0.1 enable
9-26-2023 14:51:32 - verbose: [Build-plugin] register pkg web-desktop: 107ms
9-26-2023 14:51:32 - verbose: [Build-plugin] register pkg vivo-mini-game: 158ms
9-26-2023 14:51:32 - verbose: [Package] xiaomi-quick-game@1.0.1 enable
9-26-2023 14:51:32 - verbose: [Build-plugin] register pkg web-mobile: 101ms
9-26-2023 14:51:32 - verbose: [Package] im-plugin@3.0.10 enable
9-26-2023 14:51:32 - verbose: [Build-plugin] register pkg wechatgame: 232ms
9-26-2023 14:51:32 - verbose: [Package] placeholder@1.0.0 enable
9-26-2023 14:51:32 - verbose: [Build-plugin] register pkg windows: 223ms
9-26-2023 14:51:33 - verbose: [Build-plugin] register pkg xiaomi-quick-game: 398ms
9-26-2023 14:51:35 - info: [Scene] [Physics][Bullet]: Using asmjs Bullet libs.
9-26-2023 14:51:35 - info: [Scene] [PHYSICS]: using builtin.
9-26-2023 14:51:35 - log: [Scene] Cocos Creator v3.7.4
9-26-2023 14:51:35 - info: [Scene] Forward render pipeline initialized.
9-26-2023 14:51:35 - info: [Scene] [PHYSICS2D]: switch from builtin to box2d.
9-26-2023 14:51:49 - warn: [Scene] You are trying to destroy a object twice or more.Error: [Scene] You are trying to destroy a object twice or more.
    at warn (/Applications/Cocos/Creator/3.7.4/CocosCreator.app/Contents/Resources/resources/3d/engine/bin/.cache/dev/editor/bundled/index.js:161617:12)
    at warnID (/Applications/Cocos/Creator/3.7.4/CocosCreator.app/Contents/Resources/resources/3d/engine/bin/.cache/dev/editor/bundled/index.js:161836:5)
    at Node.destroy (/Applications/Cocos/Creator/3.7.4/CocosCreator.app/Contents/Resources/resources/3d/engine/bin/.cache/dev/editor/bundled/index.js:154391:13)
    at Node.destroy (/Applications/Cocos/Creator/3.7.4/CocosCreator.app/Contents/Resources/resources/3d/engine/bin/.cache/dev/editor/bundled/index.js:44674:21)
    at MiniPreview.clearByComponent (/Applications/Cocos/Creator/3.7.4/CocosCreator.app/Contents/Resources/app.asar/builtin/scene/dist/script/3d/manager/mini-preview/index.ccc:1:3382)
    at MiniPreview.removePreviewNode (/Applications/Cocos/Creator/3.7.4/CocosCreator.app/Contents/Resources/app.asar/builtin/scene/dist/script/3d/manager/mini-preview/index.ccc:1:3700)
    at MiniPreview.handleUnselect (/Applications/Cocos/Creator/3.7.4/CocosCreator.app/Contents/Resources/app.asar/builtin/scene/dist/script/3d/manager/mini-preview/index.ccc:1:3074)
9-26-2023 14:52:21 - log: [Window] Deprecated as of 10.7.0. highlight(lang, code, ...args) has been deprecated.
9-26-2023 14:52:21 - log: [Window] Deprecated as of 10.7.0. Please use highlight(code, options) instead.
https://github.com/highlightjs/highlight.js/issues/2277
