debug: Tue, 26 Sep 2023 06:51:29 GMT
debug: Project: /Users/shiyanjun/Downloads/MoveBall
debug: Targets: editor,preview
debug: Incremental file seems great.
debug: Engine path: /Applications/Cocos/Creator/3.7.4/CocosCreator.app/Contents/Resources/resources/3d/engine
debug: Initializing target [Editor]
debug: Loading cache
debug: Loading cache costs 0.8364160023629665ms.
debug: Engine features shipped in editor: base,gfx-webgl,gfx-webgl2,gfx-empty,3d,animation,skeletal-animation,2d,ui,particle,particle-2d,physics-framework,physics-2d-framework,intersection-2d,primitive,profiler,occlusion-query,geometry-renderer,debug-renderer,audio,video,xr,light-probe,terrain,webview,tween,tiled-map,spine,dragon-bones,marionette,custom-pipeline,websocket,websocket-server
debug: Our import map(foo:/bar): {
  "imports": {
    "cc": "cce:/internal/x/cc"
  }
}
debug: Initializing target [Preview]
debug: Loading cache
debug: Loading cache costs 0.6222920008003712ms.
debug: Our import map(foo:/bar): {
  "imports": {
    "cc": "cce:/internal/x/cc"
  }
}
debug: Sync engine features: 2d,animation,audio,base,dragon-bones,gfx-webgl,gfx-webgl2,intersection-2d,particle-2d,physics-2d-box2d,profiler,spine,tiled-map,tween,ui,video,webview
debug: Reset databases. Enumerated domains: [
  {
    "root": "db://internal/",
    "physical": "/Applications/Cocos/Creator/3.7.4/CocosCreator.app/Contents/Resources/resources/3d/engine/editor/assets"
  },
  {
    "root": "db://assets/",
    "physical": "/Users/shiyanjun/Downloads/MoveBall/assets"
  }
]
debug: Our import map(foo:/bar): {
  "imports": {
    "cc": "cce:/internal/x/cc",
    "db://internal/": "file:///Applications/Cocos/Creator/3.7.4/CocosCreator.app/Contents/Resources/resources/3d/engine/editor/assets/",
    "db://assets/": "file:///Users/shiyanjun/Downloads/MoveBall/assets/"
  }
}
debug: Our import map(foo:/bar): {
  "imports": {
    "cc": "cce:/internal/x/cc",
    "db://internal/": "file:///Applications/Cocos/Creator/3.7.4/CocosCreator.app/Contents/Resources/resources/3d/engine/editor/assets/",
    "db://assets/": "file:///Users/shiyanjun/Downloads/MoveBall/assets/"
  }
}
debug: Pulling asset-db.
debug: Fetch asset-db cost: 20.09883300215006ms.
debug: Build iteration starts.
Number of accumulated asset changes: 2
Feature changed: false
debug: Target(editor) build started.
debug: Detected change: cce:/internal/x/cc. Last mtime: Thu Jan 01 1970 08:00:14 GMT+0800 (中国标准时间), Current mtime: Thu Jan 01 1970 08:00:03 GMT+0800 (中国标准时间)
debug: Inspect cce:/internal/x/cc
debug: Resolve cce:/internal/x/cc-fu/base from cce:/internal/x/cc as external dependency cce:/internal/x/cc-fu/base.
debug: Resolve cce:/internal/x/cc-fu/gfx-webgl from cce:/internal/x/cc as external dependency cce:/internal/x/cc-fu/gfx-webgl.
debug: Resolve cce:/internal/x/cc-fu/gfx-webgl2 from cce:/internal/x/cc as external dependency cce:/internal/x/cc-fu/gfx-webgl2.
debug: Resolve cce:/internal/x/cc-fu/gfx-empty from cce:/internal/x/cc as external dependency cce:/internal/x/cc-fu/gfx-empty.
debug: Resolve cce:/internal/x/cc-fu/3d from cce:/internal/x/cc as external dependency cce:/internal/x/cc-fu/3d.
debug: Resolve cce:/internal/x/cc-fu/animation from cce:/internal/x/cc as external dependency cce:/internal/x/cc-fu/animation.
debug: Resolve cce:/internal/x/cc-fu/skeletal-animation from cce:/internal/x/cc as external dependency cce:/internal/x/cc-fu/skeletal-animation.
debug: Resolve cce:/internal/x/cc-fu/2d from cce:/internal/x/cc as external dependency cce:/internal/x/cc-fu/2d.
debug: Resolve cce:/internal/x/cc-fu/sorting from cce:/internal/x/cc as external dependency cce:/internal/x/cc-fu/sorting.
debug: Resolve cce:/internal/x/cc-fu/ui from cce:/internal/x/cc as external dependency cce:/internal/x/cc-fu/ui.
debug: Resolve cce:/internal/x/cc-fu/particle from cce:/internal/x/cc as external dependency cce:/internal/x/cc-fu/particle.
debug: Resolve cce:/internal/x/cc-fu/particle-2d from cce:/internal/x/cc as external dependency cce:/internal/x/cc-fu/particle-2d.
debug: Resolve cce:/internal/x/cc-fu/physics-framework from cce:/internal/x/cc as external dependency cce:/internal/x/cc-fu/physics-framework.
debug: Resolve cce:/internal/x/cc-fu/physics-2d-framework from cce:/internal/x/cc as external dependency cce:/internal/x/cc-fu/physics-2d-framework.
debug: Resolve cce:/internal/x/cc-fu/intersection-2d from cce:/internal/x/cc as external dependency cce:/internal/x/cc-fu/intersection-2d.
debug: Resolve cce:/internal/x/cc-fu/primitive from cce:/internal/x/cc as external dependency cce:/internal/x/cc-fu/primitive.
debug: Resolve cce:/internal/x/cc-fu/profiler from cce:/internal/x/cc as external dependency cce:/internal/x/cc-fu/profiler.
debug: Resolve cce:/internal/x/cc-fu/geometry-renderer from cce:/internal/x/cc as external dependency cce:/internal/x/cc-fu/geometry-renderer.
debug: Resolve cce:/internal/x/cc-fu/audio from cce:/internal/x/cc as external dependency cce:/internal/x/cc-fu/audio.
debug: Resolve cce:/internal/x/cc-fu/video from cce:/internal/x/cc as external dependency cce:/internal/x/cc-fu/video.
debug: Resolve cce:/internal/x/cc-fu/xr from cce:/internal/x/cc as external dependency cce:/internal/x/cc-fu/xr.
debug: Resolve cce:/internal/x/cc-fu/light-probe from cce:/internal/x/cc as external dependency cce:/internal/x/cc-fu/light-probe.
debug: Resolve cce:/internal/x/cc-fu/terrain from cce:/internal/x/cc as external dependency cce:/internal/x/cc-fu/terrain.
debug: Resolve cce:/internal/x/cc-fu/webview from cce:/internal/x/cc as external dependency cce:/internal/x/cc-fu/webview.
debug: Resolve cce:/internal/x/cc-fu/tween from cce:/internal/x/cc as external dependency cce:/internal/x/cc-fu/tween.
debug: Resolve cce:/internal/x/cc-fu/tiled-map from cce:/internal/x/cc as external dependency cce:/internal/x/cc-fu/tiled-map.
debug: Resolve cce:/internal/x/cc-fu/spine from cce:/internal/x/cc as external dependency cce:/internal/x/cc-fu/spine.
debug: Resolve cce:/internal/x/cc-fu/dragon-bones from cce:/internal/x/cc as external dependency cce:/internal/x/cc-fu/dragon-bones.
debug: Resolve cce:/internal/x/cc-fu/custom-pipeline from cce:/internal/x/cc as external dependency cce:/internal/x/cc-fu/custom-pipeline.
debug: Detected change: cce:/internal/x/prerequisite-imports. Last mtime: Thu Jan 01 1970 14:09:30 GMT+0800 (中国标准时间), Current mtime: Thu Jan 01 1970 08:00:04 GMT+0800 (中国标准时间)
debug: Inspect cce:/internal/x/prerequisite-imports
debug: Resolve file:///Applications/Cocos/Creator/3.7.4/CocosCreator.app/Contents/Resources/resources/3d/engine/editor/assets/tools/debug-view-runtime-control.ts from cce:/internal/x/prerequisite-imports as file:///Applications/Cocos/Creator/3.7.4/CocosCreator.app/Contents/Resources/resources/3d/engine/editor/assets/tools/debug-view-runtime-control.ts.
debug: Resolve cc from file:///Applications/Cocos/Creator/3.7.4/CocosCreator.app/Contents/Resources/resources/3d/engine/editor/assets/tools/debug-view-runtime-control.ts as cce:/internal/x/cc.
debug: Resolve cc from file:///Applications/Cocos/Creator/3.7.4/CocosCreator.app/Contents/Resources/resources/3d/engine/editor/assets/tools/debug-view-runtime-control.ts as cce:/internal/x/cc.
debug: Resolve cc from file:///Applications/Cocos/Creator/3.7.4/CocosCreator.app/Contents/Resources/resources/3d/engine/editor/assets/tools/debug-view-runtime-control.ts as cce:/internal/x/cc.
debug: Resolve file:///Users/shiyanjun/Downloads/MoveBall/assets/src/MoveBall.ts from cce:/internal/x/prerequisite-imports as file:///Users/shiyanjun/Downloads/MoveBall/assets/src/MoveBall.ts.
debug: Inspect file:///Users/shiyanjun/Downloads/MoveBall/assets/src/MoveBall.ts
debug: Resolve cc from file:///Users/shiyanjun/Downloads/MoveBall/assets/src/MoveBall.ts as cce:/internal/x/cc.
debug: Resolve cc from file:///Users/shiyanjun/Downloads/MoveBall/assets/src/MoveBall.ts as cce:/internal/x/cc.
debug: Resolve cc from file:///Users/shiyanjun/Downloads/MoveBall/assets/src/MoveBall.ts as cce:/internal/x/cc.
debug: Target(editor) ends with cost 106.55837500095367ms.
debug: Target(preview) build started.
debug: Detected change: cce:/internal/x/cc. Last mtime: Thu Jan 01 1970 08:00:14 GMT+0800 (中国标准时间), Current mtime: Thu Jan 01 1970 08:00:03 GMT+0800 (中国标准时间)
debug: Inspect cce:/internal/x/cc
debug: Resolve cce:/internal/x/cc-fu/2d from cce:/internal/x/cc as external dependency cce:/internal/x/cc-fu/2d.
debug: Resolve cce:/internal/x/cc-fu/sorting from cce:/internal/x/cc as external dependency cce:/internal/x/cc-fu/sorting.
debug: Resolve cce:/internal/x/cc-fu/animation from cce:/internal/x/cc as external dependency cce:/internal/x/cc-fu/animation.
debug: Resolve cce:/internal/x/cc-fu/audio from cce:/internal/x/cc as external dependency cce:/internal/x/cc-fu/audio.
debug: Resolve cce:/internal/x/cc-fu/base from cce:/internal/x/cc as external dependency cce:/internal/x/cc-fu/base.
debug: Resolve cce:/internal/x/cc-fu/dragon-bones from cce:/internal/x/cc as external dependency cce:/internal/x/cc-fu/dragon-bones.
debug: Resolve cce:/internal/x/cc-fu/gfx-webgl from cce:/internal/x/cc as external dependency cce:/internal/x/cc-fu/gfx-webgl.
debug: Resolve cce:/internal/x/cc-fu/gfx-webgl2 from cce:/internal/x/cc as external dependency cce:/internal/x/cc-fu/gfx-webgl2.
debug: Resolve cce:/internal/x/cc-fu/intersection-2d from cce:/internal/x/cc as external dependency cce:/internal/x/cc-fu/intersection-2d.
debug: Resolve cce:/internal/x/cc-fu/particle-2d from cce:/internal/x/cc as external dependency cce:/internal/x/cc-fu/particle-2d.
debug: Resolve cce:/internal/x/cc-fu/physics-2d-box2d from cce:/internal/x/cc as external dependency cce:/internal/x/cc-fu/physics-2d-box2d.
debug: Resolve cce:/internal/x/cc-fu/physics-2d-framework from cce:/internal/x/cc as external dependency cce:/internal/x/cc-fu/physics-2d-framework.
debug: Resolve cce:/internal/x/cc-fu/profiler from cce:/internal/x/cc as external dependency cce:/internal/x/cc-fu/profiler.
debug: Resolve cce:/internal/x/cc-fu/spine from cce:/internal/x/cc as external dependency cce:/internal/x/cc-fu/spine.
debug: Resolve cce:/internal/x/cc-fu/tiled-map from cce:/internal/x/cc as external dependency cce:/internal/x/cc-fu/tiled-map.
debug: Resolve cce:/internal/x/cc-fu/tween from cce:/internal/x/cc as external dependency cce:/internal/x/cc-fu/tween.
debug: Resolve cce:/internal/x/cc-fu/ui from cce:/internal/x/cc as external dependency cce:/internal/x/cc-fu/ui.
debug: Resolve cce:/internal/x/cc-fu/video from cce:/internal/x/cc as external dependency cce:/internal/x/cc-fu/video.
debug: Resolve cce:/internal/x/cc-fu/webview from cce:/internal/x/cc as external dependency cce:/internal/x/cc-fu/webview.
debug: Detected change: cce:/internal/x/prerequisite-imports. Last mtime: Thu Jan 01 1970 14:09:30 GMT+0800 (中国标准时间), Current mtime: Thu Jan 01 1970 08:00:04 GMT+0800 (中国标准时间)
debug: Inspect cce:/internal/x/prerequisite-imports
debug: Resolve file:///Applications/Cocos/Creator/3.7.4/CocosCreator.app/Contents/Resources/resources/3d/engine/editor/assets/tools/debug-view-runtime-control.ts from cce:/internal/x/prerequisite-imports as file:///Applications/Cocos/Creator/3.7.4/CocosCreator.app/Contents/Resources/resources/3d/engine/editor/assets/tools/debug-view-runtime-control.ts.
debug: Resolve cc from file:///Applications/Cocos/Creator/3.7.4/CocosCreator.app/Contents/Resources/resources/3d/engine/editor/assets/tools/debug-view-runtime-control.ts as cce:/internal/x/cc.
debug: Resolve cc from file:///Applications/Cocos/Creator/3.7.4/CocosCreator.app/Contents/Resources/resources/3d/engine/editor/assets/tools/debug-view-runtime-control.ts as cce:/internal/x/cc.
debug: Resolve cc from file:///Applications/Cocos/Creator/3.7.4/CocosCreator.app/Contents/Resources/resources/3d/engine/editor/assets/tools/debug-view-runtime-control.ts as cce:/internal/x/cc.
debug: Resolve file:///Users/shiyanjun/Downloads/MoveBall/assets/src/MoveBall.ts from cce:/internal/x/prerequisite-imports as file:///Users/shiyanjun/Downloads/MoveBall/assets/src/MoveBall.ts.
debug: Inspect file:///Users/shiyanjun/Downloads/MoveBall/assets/src/MoveBall.ts
debug: Resolve cc from file:///Users/shiyanjun/Downloads/MoveBall/assets/src/MoveBall.ts as cce:/internal/x/cc.
debug: Resolve cc from file:///Users/shiyanjun/Downloads/MoveBall/assets/src/MoveBall.ts as cce:/internal/x/cc.
debug: Resolve cc from file:///Users/shiyanjun/Downloads/MoveBall/assets/src/MoveBall.ts as cce:/internal/x/cc.
debug: Target(preview) ends with cost 81.94812499731779ms.
debug: Pulling asset-db.
debug: Fetch asset-db cost: 1118.5727919973433ms.
debug: Build iteration starts.
Number of accumulated asset changes: 2
Feature changed: false
debug: Target(editor) build started.
debug: Detected change: cce:/internal/x/prerequisite-imports. Last mtime: Thu Jan 01 1970 08:00:04 GMT+0800 (中国标准时间), Current mtime: Thu Jan 01 1970 08:00:07 GMT+0800 (中国标准时间)
debug: Inspect cce:/internal/x/prerequisite-imports
debug: Resolve file:///Applications/Cocos/Creator/3.7.4/CocosCreator.app/Contents/Resources/resources/3d/engine/editor/assets/tools/debug-view-runtime-control.ts from cce:/internal/x/prerequisite-imports as file:///Applications/Cocos/Creator/3.7.4/CocosCreator.app/Contents/Resources/resources/3d/engine/editor/assets/tools/debug-view-runtime-control.ts.
debug: Resolve file:///Users/shiyanjun/Downloads/MoveBall/assets/src/MoveBall.ts from cce:/internal/x/prerequisite-imports as file:///Users/shiyanjun/Downloads/MoveBall/assets/src/MoveBall.ts.
debug: Target(editor) ends with cost 11.854333002120256ms.
debug: Target(preview) build started.
debug: Detected change: cce:/internal/x/prerequisite-imports. Last mtime: Thu Jan 01 1970 08:00:04 GMT+0800 (中国标准时间), Current mtime: Thu Jan 01 1970 08:00:07 GMT+0800 (中国标准时间)
debug: Inspect cce:/internal/x/prerequisite-imports
debug: Resolve file:///Applications/Cocos/Creator/3.7.4/CocosCreator.app/Contents/Resources/resources/3d/engine/editor/assets/tools/debug-view-runtime-control.ts from cce:/internal/x/prerequisite-imports as file:///Applications/Cocos/Creator/3.7.4/CocosCreator.app/Contents/Resources/resources/3d/engine/editor/assets/tools/debug-view-runtime-control.ts.
debug: Resolve file:///Users/shiyanjun/Downloads/MoveBall/assets/src/MoveBall.ts from cce:/internal/x/prerequisite-imports as file:///Users/shiyanjun/Downloads/MoveBall/assets/src/MoveBall.ts.
debug: Target(preview) ends with cost 20.79170800000429ms.
debug: Dispatch build request for time accumulated 1 asset changes.
debug: Build iteration starts.
Number of accumulated asset changes: 1
Feature changed: false
debug: Target(editor) build started.
debug: Detected change: cce:/internal/x/prerequisite-imports. Last mtime: Thu Jan 01 1970 08:00:07 GMT+0800 (中国标准时间), Current mtime: Thu Jan 01 1970 08:02:37 GMT+0800 (中国标准时间)
debug: Inspect cce:/internal/x/prerequisite-imports
debug: Resolve file:///Applications/Cocos/Creator/3.7.4/CocosCreator.app/Contents/Resources/resources/3d/engine/editor/assets/tools/debug-view-runtime-control.ts from cce:/internal/x/prerequisite-imports as file:///Applications/Cocos/Creator/3.7.4/CocosCreator.app/Contents/Resources/resources/3d/engine/editor/assets/tools/debug-view-runtime-control.ts.
debug: Resolve file:///Users/shiyanjun/Downloads/MoveBall/assets/src/MoveBall.ts from cce:/internal/x/prerequisite-imports as file:///Users/shiyanjun/Downloads/MoveBall/assets/src/MoveBall.ts.
debug: Detected change: file:///Users/shiyanjun/Downloads/MoveBall/assets/src/MoveBall.ts. Last mtime: Tue Sep 26 2023 14:48:18 GMT+0800 (中国标准时间)@80fac119-6d2a-4610-a321-74c30fa1334c, Current mtime: Tue Sep 26 2023 14:54:01 GMT+0800 (中国标准时间)@80fac119-6d2a-4610-a321-74c30fa1334c
debug: Inspect file:///Users/shiyanjun/Downloads/MoveBall/assets/src/MoveBall.ts
debug: Resolve cc from file:///Users/shiyanjun/Downloads/MoveBall/assets/src/MoveBall.ts as cce:/internal/x/cc.
debug: Resolve cc from file:///Users/shiyanjun/Downloads/MoveBall/assets/src/MoveBall.ts as cce:/internal/x/cc.
debug: Resolve cc from file:///Users/shiyanjun/Downloads/MoveBall/assets/src/MoveBall.ts as cce:/internal/x/cc.
debug: Target(editor) ends with cost 59.31125000119209ms.
debug: Target(preview) build started.
debug: Detected change: cce:/internal/x/prerequisite-imports. Last mtime: Thu Jan 01 1970 08:00:07 GMT+0800 (中国标准时间), Current mtime: Thu Jan 01 1970 08:02:37 GMT+0800 (中国标准时间)
debug: Inspect cce:/internal/x/prerequisite-imports
debug: Resolve file:///Applications/Cocos/Creator/3.7.4/CocosCreator.app/Contents/Resources/resources/3d/engine/editor/assets/tools/debug-view-runtime-control.ts from cce:/internal/x/prerequisite-imports as file:///Applications/Cocos/Creator/3.7.4/CocosCreator.app/Contents/Resources/resources/3d/engine/editor/assets/tools/debug-view-runtime-control.ts.
debug: Resolve file:///Users/shiyanjun/Downloads/MoveBall/assets/src/MoveBall.ts from cce:/internal/x/prerequisite-imports as file:///Users/shiyanjun/Downloads/MoveBall/assets/src/MoveBall.ts.
debug: Detected change: file:///Users/shiyanjun/Downloads/MoveBall/assets/src/MoveBall.ts. Last mtime: Tue Sep 26 2023 14:48:18 GMT+0800 (中国标准时间)@80fac119-6d2a-4610-a321-74c30fa1334c, Current mtime: Tue Sep 26 2023 14:54:01 GMT+0800 (中国标准时间)@80fac119-6d2a-4610-a321-74c30fa1334c
debug: Inspect file:///Users/shiyanjun/Downloads/MoveBall/assets/src/MoveBall.ts
debug: Resolve cc from file:///Users/shiyanjun/Downloads/MoveBall/assets/src/MoveBall.ts as cce:/internal/x/cc.
debug: Resolve cc from file:///Users/shiyanjun/Downloads/MoveBall/assets/src/MoveBall.ts as cce:/internal/x/cc.
debug: Resolve cc from file:///Users/shiyanjun/Downloads/MoveBall/assets/src/MoveBall.ts as cce:/internal/x/cc.
debug: Target(preview) ends with cost 52.62645899876952ms.
debug: Dispatch build request for time accumulated 1 asset changes.
debug: Build iteration starts.
Number of accumulated asset changes: 1
Feature changed: false
debug: Target(editor) build started.
debug: Detected change: cce:/internal/x/prerequisite-imports. Last mtime: Thu Jan 01 1970 08:02:37 GMT+0800 (中国标准时间), Current mtime: Thu Jan 01 1970 08:03:04 GMT+0800 (中国标准时间)
debug: Inspect cce:/internal/x/prerequisite-imports
debug: Resolve file:///Applications/Cocos/Creator/3.7.4/CocosCreator.app/Contents/Resources/resources/3d/engine/editor/assets/tools/debug-view-runtime-control.ts from cce:/internal/x/prerequisite-imports as file:///Applications/Cocos/Creator/3.7.4/CocosCreator.app/Contents/Resources/resources/3d/engine/editor/assets/tools/debug-view-runtime-control.ts.
debug: Resolve file:///Users/shiyanjun/Downloads/MoveBall/assets/src/MoveBall.ts from cce:/internal/x/prerequisite-imports as file:///Users/shiyanjun/Downloads/MoveBall/assets/src/MoveBall.ts.
debug: Detected change: file:///Users/shiyanjun/Downloads/MoveBall/assets/src/MoveBall.ts. Last mtime: Tue Sep 26 2023 14:54:01 GMT+0800 (中国标准时间)@80fac119-6d2a-4610-a321-74c30fa1334c, Current mtime: Tue Sep 26 2023 14:54:28 GMT+0800 (中国标准时间)@80fac119-6d2a-4610-a321-74c30fa1334c
debug: Inspect file:///Users/shiyanjun/Downloads/MoveBall/assets/src/MoveBall.ts
debug: Resolve cc from file:///Users/shiyanjun/Downloads/MoveBall/assets/src/MoveBall.ts as cce:/internal/x/cc.
debug: Resolve cc from file:///Users/shiyanjun/Downloads/MoveBall/assets/src/MoveBall.ts as cce:/internal/x/cc.
debug: Resolve cc from file:///Users/shiyanjun/Downloads/MoveBall/assets/src/MoveBall.ts as cce:/internal/x/cc.
debug: Target(editor) ends with cost 45.5816669985652ms.
debug: Target(preview) build started.
debug: Detected change: cce:/internal/x/prerequisite-imports. Last mtime: Thu Jan 01 1970 08:02:37 GMT+0800 (中国标准时间), Current mtime: Thu Jan 01 1970 08:03:04 GMT+0800 (中国标准时间)
debug: Inspect cce:/internal/x/prerequisite-imports
debug: Resolve file:///Applications/Cocos/Creator/3.7.4/CocosCreator.app/Contents/Resources/resources/3d/engine/editor/assets/tools/debug-view-runtime-control.ts from cce:/internal/x/prerequisite-imports as file:///Applications/Cocos/Creator/3.7.4/CocosCreator.app/Contents/Resources/resources/3d/engine/editor/assets/tools/debug-view-runtime-control.ts.
debug: Resolve file:///Users/shiyanjun/Downloads/MoveBall/assets/src/MoveBall.ts from cce:/internal/x/prerequisite-imports as file:///Users/shiyanjun/Downloads/MoveBall/assets/src/MoveBall.ts.
debug: Detected change: file:///Users/shiyanjun/Downloads/MoveBall/assets/src/MoveBall.ts. Last mtime: Tue Sep 26 2023 14:54:01 GMT+0800 (中国标准时间)@80fac119-6d2a-4610-a321-74c30fa1334c, Current mtime: Tue Sep 26 2023 14:54:28 GMT+0800 (中国标准时间)@80fac119-6d2a-4610-a321-74c30fa1334c
debug: Inspect file:///Users/shiyanjun/Downloads/MoveBall/assets/src/MoveBall.ts
debug: Resolve cc from file:///Users/shiyanjun/Downloads/MoveBall/assets/src/MoveBall.ts as cce:/internal/x/cc.
debug: Resolve cc from file:///Users/shiyanjun/Downloads/MoveBall/assets/src/MoveBall.ts as cce:/internal/x/cc.
debug: Resolve cc from file:///Users/shiyanjun/Downloads/MoveBall/assets/src/MoveBall.ts as cce:/internal/x/cc.
debug: Target(preview) ends with cost 45.37150000035763ms.
debug: Dispatch build request for time accumulated 1 asset changes.
debug: Build iteration starts.
Number of accumulated asset changes: 1
Feature changed: false
debug: Target(editor) build started.
debug: Detected change: cce:/internal/x/prerequisite-imports. Last mtime: Thu Jan 01 1970 08:03:04 GMT+0800 (中国标准时间), Current mtime: Thu Jan 01 1970 08:03:25 GMT+0800 (中国标准时间)
debug: Inspect cce:/internal/x/prerequisite-imports
debug: Resolve file:///Applications/Cocos/Creator/3.7.4/CocosCreator.app/Contents/Resources/resources/3d/engine/editor/assets/tools/debug-view-runtime-control.ts from cce:/internal/x/prerequisite-imports as file:///Applications/Cocos/Creator/3.7.4/CocosCreator.app/Contents/Resources/resources/3d/engine/editor/assets/tools/debug-view-runtime-control.ts.
debug: Resolve file:///Users/shiyanjun/Downloads/MoveBall/assets/src/MoveBall.ts from cce:/internal/x/prerequisite-imports as file:///Users/shiyanjun/Downloads/MoveBall/assets/src/MoveBall.ts.
debug: Detected change: file:///Users/shiyanjun/Downloads/MoveBall/assets/src/MoveBall.ts. Last mtime: Tue Sep 26 2023 14:54:28 GMT+0800 (中国标准时间)@80fac119-6d2a-4610-a321-74c30fa1334c, Current mtime: Tue Sep 26 2023 14:54:49 GMT+0800 (中国标准时间)@80fac119-6d2a-4610-a321-74c30fa1334c
debug: Inspect file:///Users/shiyanjun/Downloads/MoveBall/assets/src/MoveBall.ts
debug: Resolve cc from file:///Users/shiyanjun/Downloads/MoveBall/assets/src/MoveBall.ts as cce:/internal/x/cc.
debug: Resolve cc from file:///Users/shiyanjun/Downloads/MoveBall/assets/src/MoveBall.ts as cce:/internal/x/cc.
debug: Resolve cc from file:///Users/shiyanjun/Downloads/MoveBall/assets/src/MoveBall.ts as cce:/internal/x/cc.
debug: Target(editor) ends with cost 34.966832999140024ms.
debug: Target(preview) build started.
debug: Detected change: cce:/internal/x/prerequisite-imports. Last mtime: Thu Jan 01 1970 08:03:04 GMT+0800 (中国标准时间), Current mtime: Thu Jan 01 1970 08:03:25 GMT+0800 (中国标准时间)
debug: Inspect cce:/internal/x/prerequisite-imports
debug: Resolve file:///Applications/Cocos/Creator/3.7.4/CocosCreator.app/Contents/Resources/resources/3d/engine/editor/assets/tools/debug-view-runtime-control.ts from cce:/internal/x/prerequisite-imports as file:///Applications/Cocos/Creator/3.7.4/CocosCreator.app/Contents/Resources/resources/3d/engine/editor/assets/tools/debug-view-runtime-control.ts.
debug: Resolve file:///Users/shiyanjun/Downloads/MoveBall/assets/src/MoveBall.ts from cce:/internal/x/prerequisite-imports as file:///Users/shiyanjun/Downloads/MoveBall/assets/src/MoveBall.ts.
debug: Detected change: file:///Users/shiyanjun/Downloads/MoveBall/assets/src/MoveBall.ts. Last mtime: Tue Sep 26 2023 14:54:28 GMT+0800 (中国标准时间)@80fac119-6d2a-4610-a321-74c30fa1334c, Current mtime: Tue Sep 26 2023 14:54:49 GMT+0800 (中国标准时间)@80fac119-6d2a-4610-a321-74c30fa1334c
debug: Inspect file:///Users/shiyanjun/Downloads/MoveBall/assets/src/MoveBall.ts
debug: Resolve cc from file:///Users/shiyanjun/Downloads/MoveBall/assets/src/MoveBall.ts as cce:/internal/x/cc.
debug: Resolve cc from file:///Users/shiyanjun/Downloads/MoveBall/assets/src/MoveBall.ts as cce:/internal/x/cc.
debug: Resolve cc from file:///Users/shiyanjun/Downloads/MoveBall/assets/src/MoveBall.ts as cce:/internal/x/cc.
debug: Target(preview) ends with cost 38.40737500041723ms.
debug: Dispatch build request for time accumulated 1 asset changes.
debug: Build iteration starts.
Number of accumulated asset changes: 1
Feature changed: false
debug: Target(editor) build started.
debug: Detected change: cce:/internal/x/prerequisite-imports. Last mtime: Thu Jan 01 1970 08:03:25 GMT+0800 (中国标准时间), Current mtime: Thu Jan 01 1970 08:03:52 GMT+0800 (中国标准时间)
debug: Inspect cce:/internal/x/prerequisite-imports
debug: Resolve file:///Applications/Cocos/Creator/3.7.4/CocosCreator.app/Contents/Resources/resources/3d/engine/editor/assets/tools/debug-view-runtime-control.ts from cce:/internal/x/prerequisite-imports as file:///Applications/Cocos/Creator/3.7.4/CocosCreator.app/Contents/Resources/resources/3d/engine/editor/assets/tools/debug-view-runtime-control.ts.
debug: Resolve file:///Users/shiyanjun/Downloads/MoveBall/assets/src/MoveBall.ts from cce:/internal/x/prerequisite-imports as file:///Users/shiyanjun/Downloads/MoveBall/assets/src/MoveBall.ts.
debug: Detected change: file:///Users/shiyanjun/Downloads/MoveBall/assets/src/MoveBall.ts. Last mtime: Tue Sep 26 2023 14:54:49 GMT+0800 (中国标准时间)@80fac119-6d2a-4610-a321-74c30fa1334c, Current mtime: Tue Sep 26 2023 14:55:16 GMT+0800 (中国标准时间)@80fac119-6d2a-4610-a321-74c30fa1334c
debug: Inspect file:///Users/shiyanjun/Downloads/MoveBall/assets/src/MoveBall.ts
debug: Resolve cc from file:///Users/shiyanjun/Downloads/MoveBall/assets/src/MoveBall.ts as cce:/internal/x/cc.
debug: Resolve cc from file:///Users/shiyanjun/Downloads/MoveBall/assets/src/MoveBall.ts as cce:/internal/x/cc.
debug: Resolve cc from file:///Users/shiyanjun/Downloads/MoveBall/assets/src/MoveBall.ts as cce:/internal/x/cc.
debug: Target(editor) ends with cost 29.349041998386383ms.
debug: Target(preview) build started.
debug: Detected change: cce:/internal/x/prerequisite-imports. Last mtime: Thu Jan 01 1970 08:03:25 GMT+0800 (中国标准时间), Current mtime: Thu Jan 01 1970 08:03:52 GMT+0800 (中国标准时间)
debug: Inspect cce:/internal/x/prerequisite-imports
debug: Resolve file:///Applications/Cocos/Creator/3.7.4/CocosCreator.app/Contents/Resources/resources/3d/engine/editor/assets/tools/debug-view-runtime-control.ts from cce:/internal/x/prerequisite-imports as file:///Applications/Cocos/Creator/3.7.4/CocosCreator.app/Contents/Resources/resources/3d/engine/editor/assets/tools/debug-view-runtime-control.ts.
debug: Resolve file:///Users/shiyanjun/Downloads/MoveBall/assets/src/MoveBall.ts from cce:/internal/x/prerequisite-imports as file:///Users/shiyanjun/Downloads/MoveBall/assets/src/MoveBall.ts.
debug: Detected change: file:///Users/shiyanjun/Downloads/MoveBall/assets/src/MoveBall.ts. Last mtime: Tue Sep 26 2023 14:54:49 GMT+0800 (中国标准时间)@80fac119-6d2a-4610-a321-74c30fa1334c, Current mtime: Tue Sep 26 2023 14:55:16 GMT+0800 (中国标准时间)@80fac119-6d2a-4610-a321-74c30fa1334c
debug: Inspect file:///Users/shiyanjun/Downloads/MoveBall/assets/src/MoveBall.ts
debug: Resolve cc from file:///Users/shiyanjun/Downloads/MoveBall/assets/src/MoveBall.ts as cce:/internal/x/cc.
debug: Resolve cc from file:///Users/shiyanjun/Downloads/MoveBall/assets/src/MoveBall.ts as cce:/internal/x/cc.
debug: Resolve cc from file:///Users/shiyanjun/Downloads/MoveBall/assets/src/MoveBall.ts as cce:/internal/x/cc.
debug: Target(preview) ends with cost 33.863749999552965ms.
