2023-9-26 14:51:28-debug: asset-db:worker-init (847ms)
2023-9-26 14:51:28-debug: Preimport db internal success
2023-9-26 14:51:28-debug: %cImport%c: /Users/shiyanjun/Downloads/MoveBall/assets/scenebackground: #aaff85; color: #000;color: #000;
2023-9-26 14:51:28-debug: %cImport%c: /Users/shiyanjun/Downloads/MoveBall/assets/srcbackground: #aaff85; color: #000;color: #000;
2023-9-26 14:51:28-debug: %cImport%c: /Users/shiyanjun/Downloads/MoveBall/assets/src/MoveBall.tsbackground: #aaff85; color: #000;color: #000;
2023-9-26 14:51:28-debug: Preimport db assets success
2023-9-26 14:51:29-debug: asset-db:worker-effect-data-processing (98ms)
2023-9-26 14:51:32-debug: Set detail map pack:///resolution-detail-map.json: {}
2023-9-26 14:51:32-debug: Start up the 'internal' database...
2023-9-26 14:51:32-debug: asset-db:worker-init-script (24ms)
2023-9-26 14:51:32-debug: start asset-db with asset: 419
2023-9-26 14:51:32-debug: Start up the 'assets' database...
2023-9-26 14:51:32-debug: %cImport%c: /Users/shiyanjun/Downloads/MoveBall/assets/scene/MoveBall.scenebackground: #aaff85; color: #000;color: #000;
2023-9-26 14:51:32-debug: asset-db:worker-startup-database[internal] (3651ms)
2023-9-26 14:51:32-debug: start asset-db with asset: 4
2023-9-26 14:51:32-debug: Asset DB is ready!
2023-9-26 14:51:32-debug: asset-db:worker-startup-database[assets] (3609ms)
2023-9-26 14:51:32-debug: init worker message success
2023-9-26 14:51:33-debug: builder:worker-init (1072ms)
2023-9-26 14:51:34-debug: Query all assets info in project
2023-9-26 14:51:34-debug: BuildAssetLibrary query-assets with assets 444
2023-9-26 14:51:34-debug: init custom config: keepNodeUuid: false, useCache: true
2023-9-26 14:51:34-debug: 查询 Asset Bundle start0%
2023-9-26 14:51:34-debug: // ---- build task 查询 Asset Bundle ----
2023-9-26 14:51:34-debug: Process: heapTotal 250.63MB heapUsed 223.82MB rss 693.02MB
2023-9-26 14:51:34-debug:   Number of all scenes: 1
2023-9-26 14:51:34-debug:   Number of other assets: 298
2023-9-26 14:51:34-debug:   Number of all scripts: 2
2023-9-26 14:51:34-debug: // ---- build task 查询 Asset Bundle ---- (4ms)
2023-9-26 14:51:34-debug: run build task 查询 Asset Bundle success in 4 ms √3%
2023-9-26 14:51:34-debug: 查询使用的资源以及资源包配置 start3%
2023-9-26 14:51:34-debug: // ---- build task 查询使用的资源以及资源包配置 ----
2023-9-26 14:51:34-debug: Process: heapTotal 250.63MB heapUsed 225.28MB rss 693.02MB
2023-9-26 14:51:34-debug: init bundle assets
2023-9-26 14:51:34-debug: Query preload assets from cc.config.json: 60f7195c-ec2a-45eb-ba94-8955f60e81d0,1c02ae6f-4492-4915-b8f8-7492a3b1e4cd,810e96e4-e456-4468-9b59-f4e8f39732c0,efe8e2a3-eace-427b-b4f1-cb8a937ec77d,e9aa9a3e-5b2b-4ac7-a2c7-073de2b2b24f,8bbdbcdd-5cd4-4100-b6d5-b7c9625b6107,50f4348b-c883-4e2f-8f11-ce233b859fa1,fda095cb-831d-4601-ad94-846013963de8,f92806d7-1768-443f-afe8-12bcde84d0f0,dd3a144d-ab7f-41f0-82b8-2e43a090d496,f0416e68-0200-4b77-a926-4f9d16e494da,ff9be190-20a4-4e48-b68c-76e3c7cff085,970b0598-bcb0-4714-91fb-2e81440dccd8,bcd64cc6-2dd9-43f6-abbe-66318d332032,d930590d-bb92-4cc8-8bd1-23cd027f9edf,a3cd009f-0ab0-420d-9278-b9fdab939bbc,9361fd90-ba52-4f84-aa93-6e878fd576ca,c27215d8-6835-4b68-bfbb-bdeac6100c04,b5d6115f-0370-4d7c-aad3-c194cc71cf98,871c3b6c-7379-419d-bda3-794b239ab90d
2023-9-26 14:51:34-debug: Number of scenes: 1
2023-9-26 14:51:34-debug: // ---- build task 查询使用的资源以及资源包配置 ---- (1ms)
2023-9-26 14:51:34-debug: 整理脚本分组与脚本数据 start7%
2023-9-26 14:51:34-debug: run build task 查询使用的资源以及资源包配置 success in 1 ms √7%
2023-9-26 14:51:34-debug: // ---- build task 整理脚本分组与脚本数据 ----
2023-9-26 14:51:34-debug: Process: heapTotal 250.63MB heapUsed 225.40MB rss 693.05MB
2023-9-26 14:51:34-debug: sort script group...
2023-9-26 14:51:34-debug: 初始化 settings.json 与 config.json start10%
2023-9-26 14:51:34-debug: run build task 整理脚本分组与脚本数据 success in 0 ms √10%
2023-9-26 14:51:34-debug: // ---- build task 初始化 settings.json 与 config.json ----
2023-9-26 14:51:34-debug: Process: heapTotal 250.63MB heapUsed 225.42MB rss 693.05MB
2023-9-26 14:51:34-debug: run build task 初始化 settings.json 与 config.json success in 0 ms √11%
2023-9-26 14:51:34-debug: builder.tasks.settings.macro 字段未在编辑器多语言内定义
2023-9-26 14:51:34-debug: builder.tasks.settings.macro start11%
2023-9-26 14:51:34-debug: // ---- build task builder.tasks.settings.macro ----
2023-9-26 14:51:34-debug: Process: heapTotal 250.63MB heapUsed 225.44MB rss 693.05MB
2023-9-26 14:51:34-debug: // ---- build task builder.tasks.settings.macro ---- (1ms)
2023-9-26 14:51:34-debug: run build task builder.tasks.settings.macro success in 1 ms √11%
2023-9-26 14:51:34-debug: 整理部分构建选项内数据到 settings.json start11%
2023-9-26 14:51:34-debug: // ---- build task 整理部分构建选项内数据到 settings.json ----
2023-9-26 14:51:34-debug: Process: heapTotal 250.63MB heapUsed 225.47MB rss 693.06MB
2023-9-26 14:51:34-debug: // ---- build task 整理部分构建选项内数据到 settings.json ---- (2ms)
2023-9-26 14:51:34-debug: run build task 整理部分构建选项内数据到 settings.json success in 2 ms √12%
2023-9-26 14:51:34-debug: Process: heapTotal 250.63MB heapUsed 225.53MB rss 693.06MB
2023-9-26 14:51:34-debug: custom joint texture layouts start12%
2023-9-26 14:51:34-debug: // ---- build task custom joint texture layouts ----
2023-9-26 14:51:34-debug: run build task custom joint texture layouts success in 0 ms √12%
2023-9-26 14:51:34-debug: custom joint physics start12%
2023-9-26 14:51:34-debug: // ---- build task custom joint physics ----
2023-9-26 14:51:34-debug: Process: heapTotal 250.63MB heapUsed 225.55MB rss 693.06MB
2023-9-26 14:51:34-debug: run build task custom joint physics success in 0 ms √13%
2023-9-26 14:51:34-debug: // ---- build task 填充脚本数据到 settings.json ----
2023-9-26 14:51:34-debug: 填充脚本数据到 settings.json start13%
2023-9-26 14:51:34-debug: Process: heapTotal 250.63MB heapUsed 225.57MB rss 693.06MB
2023-9-26 14:51:34-debug: run build task 填充脚本数据到 settings.json success in 0 ms √13%
2023-9-26 14:51:34-debug: 填充场景数据到 settings.json start13%
2023-9-26 14:51:34-debug: // ---- build task 填充场景数据到 settings.json ----
2023-9-26 14:51:34-debug: Process: heapTotal 250.63MB heapUsed 225.58MB rss 693.06MB
2023-9-26 14:51:34-debug: // ---- build task 填充场景数据到 settings.json ---- (1ms)
2023-9-26 14:51:34-debug: Process: heapTotal 250.63MB heapUsed 225.61MB rss 693.08MB
2023-9-26 14:51:34-debug: run build task 填充场景数据到 settings.json success in 1 ms √14%
2023-9-26 14:51:34-debug: 整理资源分组，生成 packedAssets 以及 rawAssets 数据 start14%
2023-9-26 14:51:34-debug: // ---- build task 整理资源分组，生成 packedAssets 以及 rawAssets 数据 ----
2023-9-26 14:51:34-debug: run build task 整理资源分组，生成 packedAssets 以及 rawAssets 数据 success in 0 ms √14%
2023-9-26 14:51:34-debug: 从 suffixMap 生成 md5AssetsMap 到 settings.json start14%
2023-9-26 14:51:34-debug: // ---- build task 从 suffixMap 生成 md5AssetsMap 到 settings.json ----
2023-9-26 14:51:34-debug: options.md5Cache is false.
2023-9-26 14:51:34-debug: Process: heapTotal 250.63MB heapUsed 225.63MB rss 693.08MB
2023-9-26 14:51:34-debug: run build task 从 suffixMap 生成 md5AssetsMap 到 settings.json success in 0 ms √15%
2023-9-26 14:51:35-debug: programming:execute-script (2ms)
2023-9-26 14:51:58-debug: Query all assets info in project
2023-9-26 14:51:58-debug: BuildAssetLibrary query-assets with assets 444
2023-9-26 14:51:58-debug:   Number of other assets: 298
2023-9-26 14:51:58-debug: 查询 Asset Bundle start0%
2023-9-26 14:51:58-debug:   Number of all scenes: 1
2023-9-26 14:51:58-debug: Process: heapTotal 208.63MB heapUsed 188.18MB rss 695.20MB
2023-9-26 14:51:58-debug: // ---- build task 查询 Asset Bundle ----
2023-9-26 14:51:58-debug:   Number of all scripts: 2
2023-9-26 14:51:58-debug: init custom config: keepNodeUuid: false, useCache: true
2023-9-26 14:51:58-debug: // ---- build task 查询 Asset Bundle ---- (7ms)
2023-9-26 14:51:58-debug: run build task 查询 Asset Bundle success in 7 ms √3%
2023-9-26 14:51:58-debug: init bundle assets
2023-9-26 14:51:58-debug: // ---- build task 查询使用的资源以及资源包配置 ----
2023-9-26 14:51:58-debug: Process: heapTotal 208.63MB heapUsed 188.20MB rss 695.22MB
2023-9-26 14:51:58-debug: 查询使用的资源以及资源包配置 start3%
2023-9-26 14:51:58-debug: Query preload assets from cc.config.json: 60f7195c-ec2a-45eb-ba94-8955f60e81d0,1c02ae6f-4492-4915-b8f8-7492a3b1e4cd,810e96e4-e456-4468-9b59-f4e8f39732c0,efe8e2a3-eace-427b-b4f1-cb8a937ec77d,e9aa9a3e-5b2b-4ac7-a2c7-073de2b2b24f,8bbdbcdd-5cd4-4100-b6d5-b7c9625b6107,50f4348b-c883-4e2f-8f11-ce233b859fa1,fda095cb-831d-4601-ad94-846013963de8,f92806d7-1768-443f-afe8-12bcde84d0f0,dd3a144d-ab7f-41f0-82b8-2e43a090d496,f0416e68-0200-4b77-a926-4f9d16e494da,ff9be190-20a4-4e48-b68c-76e3c7cff085,970b0598-bcb0-4714-91fb-2e81440dccd8,bcd64cc6-2dd9-43f6-abbe-66318d332032,d930590d-bb92-4cc8-8bd1-23cd027f9edf,a3cd009f-0ab0-420d-9278-b9fdab939bbc,9361fd90-ba52-4f84-aa93-6e878fd576ca,c27215d8-6835-4b68-bfbb-bdeac6100c04,b5d6115f-0370-4d7c-aad3-c194cc71cf98,871c3b6c-7379-419d-bda3-794b239ab90d
2023-9-26 14:51:58-debug: Number of scenes: 1
2023-9-26 14:51:58-debug: // ---- build task 查询使用的资源以及资源包配置 ---- (2ms)
2023-9-26 14:51:58-debug: Process: heapTotal 208.63MB heapUsed 188.32MB rss 695.28MB
2023-9-26 14:51:58-debug: sort script group...
2023-9-26 14:51:58-debug: // ---- build task 整理脚本分组与脚本数据 ----
2023-9-26 14:51:58-debug: run build task 查询使用的资源以及资源包配置 success in 2 ms √7%
2023-9-26 14:51:58-debug: 整理脚本分组与脚本数据 start7%
2023-9-26 14:51:58-debug: // ---- build task 整理脚本分组与脚本数据 ---- (1ms)
2023-9-26 14:51:58-debug: Process: heapTotal 208.63MB heapUsed 188.35MB rss 695.28MB
2023-9-26 14:51:58-debug: 初始化 settings.json 与 config.json start10%
2023-9-26 14:51:58-debug: // ---- build task 初始化 settings.json 与 config.json ----
2023-9-26 14:51:58-debug: run build task 整理脚本分组与脚本数据 success in 1 ms √10%
2023-9-26 14:51:58-debug: run build task 初始化 settings.json 与 config.json success in 0 ms √11%
2023-9-26 14:51:58-debug: builder.tasks.settings.macro 字段未在编辑器多语言内定义
2023-9-26 14:51:58-debug: builder.tasks.settings.macro start11%
2023-9-26 14:51:58-debug: // ---- build task builder.tasks.settings.macro ----
2023-9-26 14:51:58-debug: Process: heapTotal 208.63MB heapUsed 188.37MB rss 695.30MB
2023-9-26 14:51:58-debug: run build task builder.tasks.settings.macro success in 0 ms √11%
2023-9-26 14:51:58-debug: // ---- build task 整理部分构建选项内数据到 settings.json ----
2023-9-26 14:51:58-debug: 整理部分构建选项内数据到 settings.json start11%
2023-9-26 14:51:58-debug: Process: heapTotal 208.63MB heapUsed 188.40MB rss 695.30MB
2023-9-26 14:51:58-debug: // ---- build task 整理部分构建选项内数据到 settings.json ---- (1ms)
2023-9-26 14:51:58-debug: Process: heapTotal 208.63MB heapUsed 188.46MB rss 695.31MB
2023-9-26 14:51:58-debug: custom joint texture layouts start12%
2023-9-26 14:51:58-debug: // ---- build task custom joint texture layouts ----
2023-9-26 14:51:58-debug: run build task 整理部分构建选项内数据到 settings.json success in 1 ms √12%
2023-9-26 14:51:58-debug: run build task custom joint texture layouts success in 0 ms √12%
2023-9-26 14:51:58-debug: custom joint physics start12%
2023-9-26 14:51:58-debug: // ---- build task custom joint physics ----
2023-9-26 14:51:58-debug: Process: heapTotal 208.63MB heapUsed 188.52MB rss 695.33MB
2023-9-26 14:51:58-debug: run build task custom joint physics success in 0 ms √13%
2023-9-26 14:51:58-debug: 填充脚本数据到 settings.json start13%
2023-9-26 14:51:58-debug: // ---- build task 填充脚本数据到 settings.json ----
2023-9-26 14:51:58-debug: Process: heapTotal 208.63MB heapUsed 188.54MB rss 695.33MB
2023-9-26 14:51:58-debug: run build task 填充脚本数据到 settings.json success in 0 ms √13%
2023-9-26 14:51:58-debug: 填充场景数据到 settings.json start13%
2023-9-26 14:51:58-debug: // ---- build task 填充场景数据到 settings.json ----
2023-9-26 14:51:58-debug: Process: heapTotal 208.63MB heapUsed 188.55MB rss 695.33MB
2023-9-26 14:51:58-debug: run build task 填充场景数据到 settings.json success in 0 ms √14%
2023-9-26 14:51:58-debug: 整理资源分组，生成 packedAssets 以及 rawAssets 数据 start14%
2023-9-26 14:51:58-debug: // ---- build task 整理资源分组，生成 packedAssets 以及 rawAssets 数据 ----
2023-9-26 14:51:58-debug: Process: heapTotal 208.63MB heapUsed 188.57MB rss 695.33MB
2023-9-26 14:51:58-debug: run build task 整理资源分组，生成 packedAssets 以及 rawAssets 数据 success in 0 ms √14%
2023-9-26 14:51:58-debug: 从 suffixMap 生成 md5AssetsMap 到 settings.json start14%
2023-9-26 14:51:58-debug: // ---- build task 从 suffixMap 生成 md5AssetsMap 到 settings.json ----
2023-9-26 14:51:58-debug: Process: heapTotal 208.63MB heapUsed 188.60MB rss 695.33MB
2023-9-26 14:51:58-debug: options.md5Cache is false.
2023-9-26 14:51:58-debug: // ---- build task 从 suffixMap 生成 md5AssetsMap 到 settings.json ---- (1ms)
2023-9-26 14:51:58-debug: run build task 从 suffixMap 生成 md5AssetsMap 到 settings.json success in 1 ms √15%
2023-9-26 14:52:06-debug: refresh db internal success
2023-9-26 14:52:06-debug: asset-db:worker-effect-data-processing (126ms)
2023-9-26 14:52:06-debug: refresh db assets success
2023-9-26 14:52:06-debug: asset-db:refresh-all-database (162ms)
2023-9-26 14:52:12-debug: Query all assets info in project
2023-9-26 14:52:12-debug: BuildAssetLibrary query-assets with assets 444
2023-9-26 14:52:12-debug:   Number of all scenes: 1
2023-9-26 14:52:12-debug: 查询 Asset Bundle start0%
2023-9-26 14:52:12-debug: // ---- build task 查询 Asset Bundle ----
2023-9-26 14:52:12-debug:   Number of other assets: 298
2023-9-26 14:52:12-debug: Process: heapTotal 228.53MB heapUsed 193.84MB rss 697.17MB
2023-9-26 14:52:12-debug: init custom config: keepNodeUuid: false, useCache: true
2023-9-26 14:52:12-debug:   Number of all scripts: 2
2023-9-26 14:52:12-debug: // ---- build task 查询 Asset Bundle ---- (4ms)
2023-9-26 14:52:12-debug: 查询使用的资源以及资源包配置 start3%
2023-9-26 14:52:12-debug: Process: heapTotal 228.53MB heapUsed 195.27MB rss 697.17MB
2023-9-26 14:52:12-debug: init bundle assets
2023-9-26 14:52:12-debug: run build task 查询 Asset Bundle success in 4 ms √3%
2023-9-26 14:52:12-debug: // ---- build task 查询使用的资源以及资源包配置 ----
2023-9-26 14:52:12-debug: Query preload assets from cc.config.json: 60f7195c-ec2a-45eb-ba94-8955f60e81d0,1c02ae6f-4492-4915-b8f8-7492a3b1e4cd,810e96e4-e456-4468-9b59-f4e8f39732c0,efe8e2a3-eace-427b-b4f1-cb8a937ec77d,e9aa9a3e-5b2b-4ac7-a2c7-073de2b2b24f,8bbdbcdd-5cd4-4100-b6d5-b7c9625b6107,50f4348b-c883-4e2f-8f11-ce233b859fa1,fda095cb-831d-4601-ad94-846013963de8,f92806d7-1768-443f-afe8-12bcde84d0f0,dd3a144d-ab7f-41f0-82b8-2e43a090d496,f0416e68-0200-4b77-a926-4f9d16e494da,ff9be190-20a4-4e48-b68c-76e3c7cff085,970b0598-bcb0-4714-91fb-2e81440dccd8,bcd64cc6-2dd9-43f6-abbe-66318d332032,d930590d-bb92-4cc8-8bd1-23cd027f9edf,a3cd009f-0ab0-420d-9278-b9fdab939bbc,9361fd90-ba52-4f84-aa93-6e878fd576ca,c27215d8-6835-4b68-bfbb-bdeac6100c04,b5d6115f-0370-4d7c-aad3-c194cc71cf98,871c3b6c-7379-419d-bda3-794b239ab90d
2023-9-26 14:52:12-debug: Number of scenes: 1
2023-9-26 14:52:12-debug: // ---- build task 查询使用的资源以及资源包配置 ---- (1ms)
2023-9-26 14:52:12-debug: // ---- build task 整理脚本分组与脚本数据 ----
2023-9-26 14:52:12-debug: sort script group...
2023-9-26 14:52:12-debug: Process: heapTotal 228.53MB heapUsed 195.39MB rss 697.19MB
2023-9-26 14:52:12-debug: run build task 查询使用的资源以及资源包配置 success in 1 ms √7%
2023-9-26 14:52:12-debug: 整理脚本分组与脚本数据 start7%
2023-9-26 14:52:12-debug: run build task 整理脚本分组与脚本数据 success in 0 ms √10%
2023-9-26 14:52:12-debug: // ---- build task 初始化 settings.json 与 config.json ----
2023-9-26 14:52:12-debug: Process: heapTotal 228.53MB heapUsed 195.41MB rss 697.19MB
2023-9-26 14:52:12-debug: 初始化 settings.json 与 config.json start10%
2023-9-26 14:52:12-debug: run build task 初始化 settings.json 与 config.json success in 0 ms √11%
2023-9-26 14:52:12-debug: builder.tasks.settings.macro 字段未在编辑器多语言内定义
2023-9-26 14:52:12-debug: builder.tasks.settings.macro start11%
2023-9-26 14:52:12-debug: // ---- build task builder.tasks.settings.macro ----
2023-9-26 14:52:12-debug: Process: heapTotal 228.53MB heapUsed 195.44MB rss 697.22MB
2023-9-26 14:52:12-debug: // ---- build task builder.tasks.settings.macro ---- (1ms)
2023-9-26 14:52:12-debug: run build task builder.tasks.settings.macro success in 1 ms √11%
2023-9-26 14:52:12-debug: 整理部分构建选项内数据到 settings.json start11%
2023-9-26 14:52:12-debug: // ---- build task 整理部分构建选项内数据到 settings.json ----
2023-9-26 14:52:12-debug: Process: heapTotal 228.53MB heapUsed 195.47MB rss 697.23MB
2023-9-26 14:52:12-debug: // ---- build task 整理部分构建选项内数据到 settings.json ---- (1ms)
2023-9-26 14:52:12-debug: custom joint texture layouts start12%
2023-9-26 14:52:12-debug: // ---- build task custom joint texture layouts ----
2023-9-26 14:52:12-debug: run build task 整理部分构建选项内数据到 settings.json success in 1 ms √12%
2023-9-26 14:52:12-debug: Process: heapTotal 228.53MB heapUsed 195.53MB rss 697.23MB
2023-9-26 14:52:12-debug: run build task custom joint texture layouts success in 0 ms √12%
2023-9-26 14:52:12-debug: Process: heapTotal 228.53MB heapUsed 195.55MB rss 697.23MB
2023-9-26 14:52:12-debug: // ---- build task custom joint physics ----
2023-9-26 14:52:12-debug: custom joint physics start12%
2023-9-26 14:52:12-debug: run build task custom joint physics success in 0 ms √13%
2023-9-26 14:52:12-debug: Process: heapTotal 228.53MB heapUsed 195.57MB rss 697.23MB
2023-9-26 14:52:12-debug: // ---- build task 填充脚本数据到 settings.json ----
2023-9-26 14:52:12-debug: 填充脚本数据到 settings.json start13%
2023-9-26 14:52:12-debug: // ---- build task 填充脚本数据到 settings.json ---- (1ms)
2023-9-26 14:52:12-debug: run build task 填充脚本数据到 settings.json success in 1 ms √13%
2023-9-26 14:52:12-debug: // ---- build task 填充场景数据到 settings.json ----
2023-9-26 14:52:12-debug: Process: heapTotal 228.53MB heapUsed 195.59MB rss 697.23MB
2023-9-26 14:52:12-debug: 填充场景数据到 settings.json start13%
2023-9-26 14:52:12-debug: 整理资源分组，生成 packedAssets 以及 rawAssets 数据 start14%
2023-9-26 14:52:12-debug: run build task 填充场景数据到 settings.json success in 0 ms √14%
2023-9-26 14:52:12-debug: // ---- build task 整理资源分组，生成 packedAssets 以及 rawAssets 数据 ----
2023-9-26 14:52:12-debug: Process: heapTotal 228.53MB heapUsed 195.61MB rss 697.23MB
2023-9-26 14:52:12-debug: // ---- build task 整理资源分组，生成 packedAssets 以及 rawAssets 数据 ---- (1ms)
2023-9-26 14:52:12-debug: run build task 整理资源分组，生成 packedAssets 以及 rawAssets 数据 success in 1 ms √14%
2023-9-26 14:52:12-debug: 从 suffixMap 生成 md5AssetsMap 到 settings.json start14%
2023-9-26 14:52:12-debug: // ---- build task 从 suffixMap 生成 md5AssetsMap 到 settings.json ----
2023-9-26 14:52:12-debug: Process: heapTotal 228.53MB heapUsed 195.64MB rss 697.25MB
2023-9-26 14:52:12-debug: options.md5Cache is false.
2023-9-26 14:52:12-debug: run build task 从 suffixMap 生成 md5AssetsMap 到 settings.json success in 0 ms √15%
2023-9-26 14:52:12-debug: Query all assets info in project
2023-9-26 14:52:12-debug: BuildAssetLibrary query-assets with assets 444
2023-9-26 14:52:12-debug:   Number of all scripts: 2
2023-9-26 14:52:12-debug:   Number of all scenes: 1
2023-9-26 14:52:12-debug: // ---- build task 查询 Asset Bundle ----
2023-9-26 14:52:12-debug: Process: heapTotal 228.53MB heapUsed 197.26MB rss 697.27MB
2023-9-26 14:52:12-debug: init custom config: keepNodeUuid: false, useCache: true
2023-9-26 14:52:12-debug:   Number of other assets: 298
2023-9-26 14:52:12-debug: 查询 Asset Bundle start0%
2023-9-26 14:52:12-debug: // ---- build task 查询 Asset Bundle ---- (5ms)
2023-9-26 14:52:12-debug: Process: heapTotal 228.53MB heapUsed 192.59MB rss 697.27MB
2023-9-26 14:52:12-debug: 查询使用的资源以及资源包配置 start3%
2023-9-26 14:52:12-debug: // ---- build task 查询使用的资源以及资源包配置 ----
2023-9-26 14:52:12-debug: run build task 查询 Asset Bundle success in 5 ms √3%
2023-9-26 14:52:12-debug: init bundle assets
2023-9-26 14:52:12-debug: Query preload assets from cc.config.json: 60f7195c-ec2a-45eb-ba94-8955f60e81d0,1c02ae6f-4492-4915-b8f8-7492a3b1e4cd,810e96e4-e456-4468-9b59-f4e8f39732c0,efe8e2a3-eace-427b-b4f1-cb8a937ec77d,e9aa9a3e-5b2b-4ac7-a2c7-073de2b2b24f,8bbdbcdd-5cd4-4100-b6d5-b7c9625b6107,50f4348b-c883-4e2f-8f11-ce233b859fa1,fda095cb-831d-4601-ad94-846013963de8,f92806d7-1768-443f-afe8-12bcde84d0f0,dd3a144d-ab7f-41f0-82b8-2e43a090d496,f0416e68-0200-4b77-a926-4f9d16e494da,ff9be190-20a4-4e48-b68c-76e3c7cff085,970b0598-bcb0-4714-91fb-2e81440dccd8,bcd64cc6-2dd9-43f6-abbe-66318d332032,d930590d-bb92-4cc8-8bd1-23cd027f9edf,a3cd009f-0ab0-420d-9278-b9fdab939bbc,9361fd90-ba52-4f84-aa93-6e878fd576ca,c27215d8-6835-4b68-bfbb-bdeac6100c04,b5d6115f-0370-4d7c-aad3-c194cc71cf98,871c3b6c-7379-419d-bda3-794b239ab90d
2023-9-26 14:52:12-debug: Number of scenes: 1
2023-9-26 14:52:12-debug: // ---- build task 查询使用的资源以及资源包配置 ---- (2ms)
2023-9-26 14:52:12-debug: // ---- build task 整理脚本分组与脚本数据 ----
2023-9-26 14:52:12-debug: sort script group...
2023-9-26 14:52:12-debug: run build task 查询使用的资源以及资源包配置 success in 2 ms √7%
2023-9-26 14:52:12-debug: 整理脚本分组与脚本数据 start7%
2023-9-26 14:52:12-debug: Process: heapTotal 228.53MB heapUsed 192.70MB rss 697.28MB
2023-9-26 14:52:12-debug: run build task 整理脚本分组与脚本数据 success in 0 ms √10%
2023-9-26 14:52:12-debug: 初始化 settings.json 与 config.json start10%
2023-9-26 14:52:12-debug: // ---- build task 初始化 settings.json 与 config.json ----
2023-9-26 14:52:12-debug: Process: heapTotal 228.53MB heapUsed 192.72MB rss 697.28MB
2023-9-26 14:52:12-debug: run build task 初始化 settings.json 与 config.json success in 0 ms √11%
2023-9-26 14:52:12-debug: builder.tasks.settings.macro start11%
2023-9-26 14:52:12-debug: builder.tasks.settings.macro 字段未在编辑器多语言内定义
2023-9-26 14:52:12-debug: // ---- build task builder.tasks.settings.macro ----
2023-9-26 14:52:12-debug: Process: heapTotal 228.53MB heapUsed 192.74MB rss 697.28MB
2023-9-26 14:52:12-debug: // ---- build task builder.tasks.settings.macro ---- (1ms)
2023-9-26 14:52:12-debug: run build task builder.tasks.settings.macro success in 1 ms √11%
2023-9-26 14:52:12-debug: 整理部分构建选项内数据到 settings.json start11%
2023-9-26 14:52:12-debug: // ---- build task 整理部分构建选项内数据到 settings.json ----
2023-9-26 14:52:12-debug: Process: heapTotal 228.53MB heapUsed 192.77MB rss 697.28MB
2023-9-26 14:52:12-debug: // ---- build task 整理部分构建选项内数据到 settings.json ---- (1ms)
2023-9-26 14:52:12-debug: run build task 整理部分构建选项内数据到 settings.json success in 1 ms √12%
2023-9-26 14:52:12-debug: custom joint texture layouts start12%
2023-9-26 14:52:12-debug: // ---- build task custom joint texture layouts ----
2023-9-26 14:52:12-debug: Process: heapTotal 228.53MB heapUsed 192.83MB rss 697.28MB
2023-9-26 14:52:12-debug: run build task custom joint texture layouts success in 0 ms √12%
2023-9-26 14:52:12-debug: custom joint physics start12%
2023-9-26 14:52:12-debug: // ---- build task custom joint physics ----
2023-9-26 14:52:12-debug: Process: heapTotal 228.53MB heapUsed 192.85MB rss 697.28MB
2023-9-26 14:52:12-debug: run build task custom joint physics success in 0 ms √13%
2023-9-26 14:52:12-debug: Process: heapTotal 228.53MB heapUsed 192.87MB rss 697.28MB
2023-9-26 14:52:12-debug: 填充脚本数据到 settings.json start13%
2023-9-26 14:52:12-debug: // ---- build task 填充脚本数据到 settings.json ----
2023-9-26 14:52:12-debug: run build task 填充脚本数据到 settings.json success in 0 ms √13%
2023-9-26 14:52:12-debug: Process: heapTotal 228.53MB heapUsed 192.89MB rss 697.28MB
2023-9-26 14:52:12-debug: // ---- build task 填充场景数据到 settings.json ----
2023-9-26 14:52:12-debug: 填充场景数据到 settings.json start13%
2023-9-26 14:52:12-debug: run build task 填充场景数据到 settings.json success in 0 ms √14%
2023-9-26 14:52:12-debug: 整理资源分组，生成 packedAssets 以及 rawAssets 数据 start14%
2023-9-26 14:52:12-debug: // ---- build task 整理资源分组，生成 packedAssets 以及 rawAssets 数据 ----
2023-9-26 14:52:12-debug: Process: heapTotal 228.53MB heapUsed 192.90MB rss 697.28MB
2023-9-26 14:52:12-debug: run build task 整理资源分组，生成 packedAssets 以及 rawAssets 数据 success in 0 ms √14%
2023-9-26 14:52:12-debug: 从 suffixMap 生成 md5AssetsMap 到 settings.json start14%
2023-9-26 14:52:12-debug: // ---- build task 从 suffixMap 生成 md5AssetsMap 到 settings.json ----
2023-9-26 14:52:12-debug: Process: heapTotal 228.53MB heapUsed 192.93MB rss 697.28MB
2023-9-26 14:52:12-debug: options.md5Cache is false.
2023-9-26 14:52:12-debug: run build task 从 suffixMap 生成 md5AssetsMap 到 settings.json success in 0 ms √15%
2023-9-26 14:52:17-debug: refresh db internal success
2023-9-26 14:52:17-debug: refresh db assets success
2023-9-26 14:52:17-debug: asset-db:worker-effect-data-processing (98ms)
2023-9-26 14:52:17-debug: asset-db:refresh-all-database (140ms)
2023-9-26 14:52:29-debug: refresh db internal success
2023-9-26 14:52:30-debug: refresh db assets success
2023-9-26 14:52:30-debug: asset-db:worker-effect-data-processing (125ms)
2023-9-26 14:52:30-debug: asset-db:refresh-all-database (170ms)
2023-9-26 14:52:48-debug: refresh db internal success
2023-9-26 14:52:49-debug: refresh db assets success
2023-9-26 14:52:49-debug: asset-db:worker-effect-data-processing (121ms)
2023-9-26 14:52:49-debug: asset-db:refresh-all-database (163ms)
2023-9-26 14:54:02-debug: refresh db internal success
2023-9-26 14:54:03-debug: asset-db:worker-effect-data-processing (123ms)
2023-9-26 14:54:03-debug: %cImport%c: /Users/shiyanjun/Downloads/MoveBall/assets/src/MoveBall.tsbackground: #aaff85; color: #000;color: #000;
2023-9-26 14:54:03-debug: refresh db assets success
2023-9-26 14:54:03-debug: asset-db:refresh-all-database (166ms)
2023-9-26 14:54:03-debug: Query all assets info in project
2023-9-26 14:54:03-debug: BuildAssetLibrary query-assets with assets 444
2023-9-26 14:54:03-debug:   Number of other assets: 298
2023-9-26 14:54:03-debug: init custom config: keepNodeUuid: false, useCache: true
2023-9-26 14:54:03-debug: 查询 Asset Bundle start0%
2023-9-26 14:54:03-debug: // ---- build task 查询 Asset Bundle ----
2023-9-26 14:54:03-debug:   Number of all scripts: 2
2023-9-26 14:54:03-debug:   Number of all scenes: 1
2023-9-26 14:54:03-debug: Process: heapTotal 235.31MB heapUsed 201.95MB rss 700.77MB
2023-9-26 14:54:03-debug: // ---- build task 查询 Asset Bundle ---- (6ms)
2023-9-26 14:54:03-debug: run build task 查询 Asset Bundle success in 6 ms √3%
2023-9-26 14:54:03-debug: 查询使用的资源以及资源包配置 start3%
2023-9-26 14:54:03-debug: // ---- build task 查询使用的资源以及资源包配置 ----
2023-9-26 14:54:03-debug: Process: heapTotal 231.38MB heapUsed 192.92MB rss 700.77MB
2023-9-26 14:54:03-debug: init bundle assets
2023-9-26 14:54:03-debug: Query preload assets from cc.config.json: 60f7195c-ec2a-45eb-ba94-8955f60e81d0,1c02ae6f-4492-4915-b8f8-7492a3b1e4cd,810e96e4-e456-4468-9b59-f4e8f39732c0,efe8e2a3-eace-427b-b4f1-cb8a937ec77d,e9aa9a3e-5b2b-4ac7-a2c7-073de2b2b24f,8bbdbcdd-5cd4-4100-b6d5-b7c9625b6107,50f4348b-c883-4e2f-8f11-ce233b859fa1,fda095cb-831d-4601-ad94-846013963de8,f92806d7-1768-443f-afe8-12bcde84d0f0,dd3a144d-ab7f-41f0-82b8-2e43a090d496,f0416e68-0200-4b77-a926-4f9d16e494da,ff9be190-20a4-4e48-b68c-76e3c7cff085,970b0598-bcb0-4714-91fb-2e81440dccd8,bcd64cc6-2dd9-43f6-abbe-66318d332032,d930590d-bb92-4cc8-8bd1-23cd027f9edf,a3cd009f-0ab0-420d-9278-b9fdab939bbc,9361fd90-ba52-4f84-aa93-6e878fd576ca,c27215d8-6835-4b68-bfbb-bdeac6100c04,b5d6115f-0370-4d7c-aad3-c194cc71cf98,871c3b6c-7379-419d-bda3-794b239ab90d
2023-9-26 14:54:03-debug: Number of scenes: 1
2023-9-26 14:54:03-debug: // ---- build task 查询使用的资源以及资源包配置 ---- (2ms)
2023-9-26 14:54:03-debug: run build task 查询使用的资源以及资源包配置 success in 2 ms √7%
2023-9-26 14:54:03-debug: // ---- build task 整理脚本分组与脚本数据 ----
2023-9-26 14:54:03-debug: 整理脚本分组与脚本数据 start7%
2023-9-26 14:54:03-debug: Process: heapTotal 231.38MB heapUsed 193.05MB rss 700.78MB
2023-9-26 14:54:03-debug: sort script group...
2023-9-26 14:54:03-debug: run build task 整理脚本分组与脚本数据 success in 0 ms √10%
2023-9-26 14:54:03-debug: 初始化 settings.json 与 config.json start10%
2023-9-26 14:54:03-debug: // ---- build task 初始化 settings.json 与 config.json ----
2023-9-26 14:54:03-debug: Process: heapTotal 231.38MB heapUsed 193.07MB rss 700.78MB
2023-9-26 14:54:03-debug: run build task 初始化 settings.json 与 config.json success in 0 ms √11%
2023-9-26 14:54:03-debug: builder.tasks.settings.macro 字段未在编辑器多语言内定义
2023-9-26 14:54:03-debug: builder.tasks.settings.macro start11%
2023-9-26 14:54:03-debug: // ---- build task builder.tasks.settings.macro ----
2023-9-26 14:54:03-debug: Process: heapTotal 231.38MB heapUsed 193.09MB rss 700.80MB
2023-9-26 14:54:03-debug: // ---- build task builder.tasks.settings.macro ---- (1ms)
2023-9-26 14:54:03-debug: run build task builder.tasks.settings.macro success in 1 ms √11%
2023-9-26 14:54:03-debug: 整理部分构建选项内数据到 settings.json start11%
2023-9-26 14:54:03-debug: // ---- build task 整理部分构建选项内数据到 settings.json ----
2023-9-26 14:54:03-debug: Process: heapTotal 231.38MB heapUsed 193.11MB rss 700.81MB
2023-9-26 14:54:03-debug: // ---- build task 整理部分构建选项内数据到 settings.json ---- (1ms)
2023-9-26 14:54:03-debug: run build task 整理部分构建选项内数据到 settings.json success in 1 ms √12%
2023-9-26 14:54:03-debug: // ---- build task custom joint texture layouts ----
2023-9-26 14:54:03-debug: custom joint texture layouts start12%
2023-9-26 14:54:03-debug: Process: heapTotal 231.38MB heapUsed 193.18MB rss 700.81MB
2023-9-26 14:54:03-debug: run build task custom joint texture layouts success in 0 ms √12%
2023-9-26 14:54:03-debug: custom joint physics start12%
2023-9-26 14:54:03-debug: // ---- build task custom joint physics ----
2023-9-26 14:54:03-debug: Process: heapTotal 231.38MB heapUsed 193.20MB rss 700.81MB
2023-9-26 14:54:03-debug: // ---- build task custom joint physics ---- (1ms)
2023-9-26 14:54:03-debug: run build task custom joint physics success in 1 ms √13%
2023-9-26 14:54:03-debug: 填充脚本数据到 settings.json start13%
2023-9-26 14:54:03-debug: // ---- build task 填充脚本数据到 settings.json ----
2023-9-26 14:54:03-debug: Process: heapTotal 231.38MB heapUsed 193.22MB rss 700.81MB
2023-9-26 14:54:03-debug: run build task 填充脚本数据到 settings.json success in 0 ms √13%
2023-9-26 14:54:03-debug: 填充场景数据到 settings.json start13%
2023-9-26 14:54:03-debug: // ---- build task 填充场景数据到 settings.json ----
2023-9-26 14:54:03-debug: Process: heapTotal 231.38MB heapUsed 193.23MB rss 700.83MB
2023-9-26 14:54:03-debug: // ---- build task 填充场景数据到 settings.json ---- (1ms)
2023-9-26 14:54:03-debug: // ---- build task 整理资源分组，生成 packedAssets 以及 rawAssets 数据 ----
2023-9-26 14:54:03-debug: run build task 填充场景数据到 settings.json success in 1 ms √14%
2023-9-26 14:54:03-debug: Process: heapTotal 231.38MB heapUsed 193.25MB rss 700.83MB
2023-9-26 14:54:03-debug: 整理资源分组，生成 packedAssets 以及 rawAssets 数据 start14%
2023-9-26 14:54:03-debug: run build task 整理资源分组，生成 packedAssets 以及 rawAssets 数据 success in 0 ms √14%
2023-9-26 14:54:03-debug: // ---- build task 从 suffixMap 生成 md5AssetsMap 到 settings.json ----
2023-9-26 14:54:03-debug: Process: heapTotal 231.38MB heapUsed 193.28MB rss 700.83MB
2023-9-26 14:54:03-debug: 从 suffixMap 生成 md5AssetsMap 到 settings.json start14%
2023-9-26 14:54:03-debug: options.md5Cache is false.
2023-9-26 14:54:03-debug: // ---- build task 从 suffixMap 生成 md5AssetsMap 到 settings.json ---- (1ms)
2023-9-26 14:54:03-debug: run build task 从 suffixMap 生成 md5AssetsMap 到 settings.json success in 1 ms √15%
2023-9-26 14:54:20-debug: refresh db internal success
2023-9-26 14:54:21-debug: refresh db assets success
2023-9-26 14:54:21-debug: asset-db:worker-effect-data-processing (120ms)
2023-9-26 14:54:21-debug: asset-db:refresh-all-database (157ms)
2023-9-26 14:54:30-debug: refresh db internal success
2023-9-26 14:54:30-debug: asset-db:worker-effect-data-processing (90ms)
2023-9-26 14:54:30-debug: %cImport%c: /Users/shiyanjun/Downloads/MoveBall/assets/src/MoveBall.tsbackground: #aaff85; color: #000;color: #000;
2023-9-26 14:54:30-debug: refresh db assets success
2023-9-26 14:54:30-debug: asset-db:refresh-all-database (130ms)
2023-9-26 14:54:30-debug: Query all assets info in project
2023-9-26 14:54:30-debug: BuildAssetLibrary query-assets with assets 444
2023-9-26 14:54:30-debug: init custom config: keepNodeUuid: false, useCache: true
2023-9-26 14:54:30-debug:   Number of all scenes: 1
2023-9-26 14:54:30-debug:   Number of all scripts: 2
2023-9-26 14:54:30-debug: 查询 Asset Bundle start0%
2023-9-26 14:54:30-debug: Process: heapTotal 236.64MB heapUsed 204.32MB rss 702.27MB
2023-9-26 14:54:30-debug: // ---- build task 查询 Asset Bundle ----
2023-9-26 14:54:30-debug:   Number of other assets: 298
2023-9-26 14:54:30-debug: // ---- build task 查询 Asset Bundle ---- (5ms)
2023-9-26 14:54:30-debug: run build task 查询 Asset Bundle success in 5 ms √3%
2023-9-26 14:54:30-debug: 查询使用的资源以及资源包配置 start3%
2023-9-26 14:54:30-debug: // ---- build task 查询使用的资源以及资源包配置 ----
2023-9-26 14:54:30-debug: Process: heapTotal 232.91MB heapUsed 195.33MB rss 702.28MB
2023-9-26 14:54:30-debug: init bundle assets
2023-9-26 14:54:30-debug: Query preload assets from cc.config.json: 60f7195c-ec2a-45eb-ba94-8955f60e81d0,1c02ae6f-4492-4915-b8f8-7492a3b1e4cd,810e96e4-e456-4468-9b59-f4e8f39732c0,efe8e2a3-eace-427b-b4f1-cb8a937ec77d,e9aa9a3e-5b2b-4ac7-a2c7-073de2b2b24f,8bbdbcdd-5cd4-4100-b6d5-b7c9625b6107,50f4348b-c883-4e2f-8f11-ce233b859fa1,fda095cb-831d-4601-ad94-846013963de8,f92806d7-1768-443f-afe8-12bcde84d0f0,dd3a144d-ab7f-41f0-82b8-2e43a090d496,f0416e68-0200-4b77-a926-4f9d16e494da,ff9be190-20a4-4e48-b68c-76e3c7cff085,970b0598-bcb0-4714-91fb-2e81440dccd8,bcd64cc6-2dd9-43f6-abbe-66318d332032,d930590d-bb92-4cc8-8bd1-23cd027f9edf,a3cd009f-0ab0-420d-9278-b9fdab939bbc,9361fd90-ba52-4f84-aa93-6e878fd576ca,c27215d8-6835-4b68-bfbb-bdeac6100c04,b5d6115f-0370-4d7c-aad3-c194cc71cf98,871c3b6c-7379-419d-bda3-794b239ab90d
2023-9-26 14:54:30-debug: Number of scenes: 1
2023-9-26 14:54:30-debug: // ---- build task 查询使用的资源以及资源包配置 ---- (1ms)
2023-9-26 14:54:30-debug: run build task 查询使用的资源以及资源包配置 success in 1 ms √7%
2023-9-26 14:54:30-debug: 整理脚本分组与脚本数据 start7%
2023-9-26 14:54:30-debug: Process: heapTotal 232.91MB heapUsed 195.47MB rss 702.28MB
2023-9-26 14:54:30-debug: sort script group...
2023-9-26 14:54:30-debug: // ---- build task 整理脚本分组与脚本数据 ----
2023-9-26 14:54:30-debug: run build task 整理脚本分组与脚本数据 success in 0 ms √10%
2023-9-26 14:54:30-debug: 初始化 settings.json 与 config.json start10%
2023-9-26 14:54:30-debug: // ---- build task 初始化 settings.json 与 config.json ----
2023-9-26 14:54:30-debug: Process: heapTotal 232.91MB heapUsed 195.49MB rss 702.28MB
2023-9-26 14:54:30-debug: run build task 初始化 settings.json 与 config.json success in 0 ms √11%
2023-9-26 14:54:30-debug: builder.tasks.settings.macro 字段未在编辑器多语言内定义
2023-9-26 14:54:30-debug: builder.tasks.settings.macro start11%
2023-9-26 14:54:30-debug: Process: heapTotal 232.91MB heapUsed 195.52MB rss 702.30MB
2023-9-26 14:54:30-debug: // ---- build task builder.tasks.settings.macro ----
2023-9-26 14:54:30-debug: run build task builder.tasks.settings.macro success in 0 ms √11%
2023-9-26 14:54:30-debug: 整理部分构建选项内数据到 settings.json start11%
2023-9-26 14:54:30-debug: // ---- build task 整理部分构建选项内数据到 settings.json ----
2023-9-26 14:54:30-debug: Process: heapTotal 232.91MB heapUsed 195.54MB rss 702.30MB
2023-9-26 14:54:30-debug: // ---- build task 整理部分构建选项内数据到 settings.json ---- (1ms)
2023-9-26 14:54:30-debug: run build task 整理部分构建选项内数据到 settings.json success in 1 ms √12%
2023-9-26 14:54:30-debug: custom joint texture layouts start12%
2023-9-26 14:54:30-debug: // ---- build task custom joint texture layouts ----
2023-9-26 14:54:30-debug: Process: heapTotal 232.91MB heapUsed 195.60MB rss 702.31MB
2023-9-26 14:54:30-debug: // ---- build task custom joint texture layouts ---- (1ms)
2023-9-26 14:54:30-debug: run build task custom joint texture layouts success in 1 ms √12%
2023-9-26 14:54:30-debug: custom joint physics start12%
2023-9-26 14:54:30-debug: // ---- build task custom joint physics ----
2023-9-26 14:54:30-debug: Process: heapTotal 232.91MB heapUsed 195.62MB rss 702.31MB
2023-9-26 14:54:30-debug: run build task custom joint physics success in 0 ms √13%
2023-9-26 14:54:30-debug: 填充脚本数据到 settings.json start13%
2023-9-26 14:54:30-debug: // ---- build task 填充脚本数据到 settings.json ----
2023-9-26 14:54:30-debug: Process: heapTotal 232.91MB heapUsed 195.64MB rss 702.31MB
2023-9-26 14:54:30-debug: run build task 填充脚本数据到 settings.json success in 0 ms √13%
2023-9-26 14:54:30-debug: 填充场景数据到 settings.json start13%
2023-9-26 14:54:30-debug: // ---- build task 填充场景数据到 settings.json ----
2023-9-26 14:54:30-debug: Process: heapTotal 232.91MB heapUsed 195.66MB rss 702.31MB
2023-9-26 14:54:30-debug: run build task 填充场景数据到 settings.json success in 0 ms √14%
2023-9-26 14:54:30-debug: 整理资源分组，生成 packedAssets 以及 rawAssets 数据 start14%
2023-9-26 14:54:30-debug: // ---- build task 整理资源分组，生成 packedAssets 以及 rawAssets 数据 ----
2023-9-26 14:54:30-debug: Process: heapTotal 232.91MB heapUsed 195.68MB rss 702.31MB
2023-9-26 14:54:30-debug: // ---- build task 整理资源分组，生成 packedAssets 以及 rawAssets 数据 ---- (1ms)
2023-9-26 14:54:30-debug: Process: heapTotal 232.91MB heapUsed 195.71MB rss 702.31MB
2023-9-26 14:54:30-debug: options.md5Cache is false.
2023-9-26 14:54:30-debug: // ---- build task 从 suffixMap 生成 md5AssetsMap 到 settings.json ----
2023-9-26 14:54:30-debug: run build task 整理资源分组，生成 packedAssets 以及 rawAssets 数据 success in 1 ms √14%
2023-9-26 14:54:30-debug: 从 suffixMap 生成 md5AssetsMap 到 settings.json start14%
2023-9-26 14:54:30-debug: run build task 从 suffixMap 生成 md5AssetsMap 到 settings.json success in 0 ms √15%
2023-9-26 14:54:31-debug: Query all assets info in project
2023-9-26 14:54:31-debug: BuildAssetLibrary query-assets with assets 444
2023-9-26 14:54:31-debug:   Number of other assets: 298
2023-9-26 14:54:31-debug: // ---- build task 查询 Asset Bundle ----
2023-9-26 14:54:31-debug: 查询 Asset Bundle start0%
2023-9-26 14:54:31-debug: Process: heapTotal 232.91MB heapUsed 197.35MB rss 702.31MB
2023-9-26 14:54:31-debug:   Number of all scripts: 2
2023-9-26 14:54:31-debug:   Number of all scenes: 1
2023-9-26 14:54:31-debug: init custom config: keepNodeUuid: false, useCache: true
2023-9-26 14:54:31-debug: run build task 查询 Asset Bundle success in 4 ms √3%
2023-9-26 14:54:31-debug: // ---- build task 查询使用的资源以及资源包配置 ----
2023-9-26 14:54:31-debug: // ---- build task 查询 Asset Bundle ---- (4ms)
2023-9-26 14:54:31-debug: 查询使用的资源以及资源包配置 start3%
2023-9-26 14:54:31-debug: init bundle assets
2023-9-26 14:54:31-debug: Process: heapTotal 232.91MB heapUsed 198.77MB rss 702.31MB
2023-9-26 14:54:31-debug: Number of scenes: 1
2023-9-26 14:54:31-debug: Query preload assets from cc.config.json: 60f7195c-ec2a-45eb-ba94-8955f60e81d0,1c02ae6f-4492-4915-b8f8-7492a3b1e4cd,810e96e4-e456-4468-9b59-f4e8f39732c0,efe8e2a3-eace-427b-b4f1-cb8a937ec77d,e9aa9a3e-5b2b-4ac7-a2c7-073de2b2b24f,8bbdbcdd-5cd4-4100-b6d5-b7c9625b6107,50f4348b-c883-4e2f-8f11-ce233b859fa1,fda095cb-831d-4601-ad94-846013963de8,f92806d7-1768-443f-afe8-12bcde84d0f0,dd3a144d-ab7f-41f0-82b8-2e43a090d496,f0416e68-0200-4b77-a926-4f9d16e494da,ff9be190-20a4-4e48-b68c-76e3c7cff085,970b0598-bcb0-4714-91fb-2e81440dccd8,bcd64cc6-2dd9-43f6-abbe-66318d332032,d930590d-bb92-4cc8-8bd1-23cd027f9edf,a3cd009f-0ab0-420d-9278-b9fdab939bbc,9361fd90-ba52-4f84-aa93-6e878fd576ca,c27215d8-6835-4b68-bfbb-bdeac6100c04,b5d6115f-0370-4d7c-aad3-c194cc71cf98,871c3b6c-7379-419d-bda3-794b239ab90d
2023-9-26 14:54:31-debug: // ---- build task 查询使用的资源以及资源包配置 ---- (2ms)
2023-9-26 14:54:31-debug: Process: heapTotal 232.91MB heapUsed 198.87MB rss 702.31MB
2023-9-26 14:54:31-debug: sort script group...
2023-9-26 14:54:31-debug: // ---- build task 整理脚本分组与脚本数据 ----
2023-9-26 14:54:31-debug: run build task 查询使用的资源以及资源包配置 success in 2 ms √7%
2023-9-26 14:54:31-debug: 整理脚本分组与脚本数据 start7%
2023-9-26 14:54:31-debug: run build task 整理脚本分组与脚本数据 success in 0 ms √10%
2023-9-26 14:54:31-debug: // ---- build task 初始化 settings.json 与 config.json ----
2023-9-26 14:54:31-debug: 初始化 settings.json 与 config.json start10%
2023-9-26 14:54:31-debug: Process: heapTotal 232.91MB heapUsed 198.89MB rss 702.31MB
2023-9-26 14:54:31-debug: run build task 初始化 settings.json 与 config.json success in 0 ms √11%
2023-9-26 14:54:31-debug: builder.tasks.settings.macro 字段未在编辑器多语言内定义
2023-9-26 14:54:31-debug: builder.tasks.settings.macro start11%
2023-9-26 14:54:31-debug: // ---- build task builder.tasks.settings.macro ----
2023-9-26 14:54:31-debug: Process: heapTotal 232.91MB heapUsed 198.91MB rss 702.31MB
2023-9-26 14:54:31-debug: // ---- build task builder.tasks.settings.macro ---- (1ms)
2023-9-26 14:54:31-debug: Process: heapTotal 232.91MB heapUsed 198.94MB rss 702.33MB
2023-9-26 14:54:31-debug: run build task builder.tasks.settings.macro success in 1 ms √11%
2023-9-26 14:54:31-debug: 整理部分构建选项内数据到 settings.json start11%
2023-9-26 14:54:31-debug: // ---- build task 整理部分构建选项内数据到 settings.json ----
2023-9-26 14:54:31-debug: // ---- build task 整理部分构建选项内数据到 settings.json ---- (2ms)
2023-9-26 14:54:31-debug: Process: heapTotal 232.91MB heapUsed 199.00MB rss 702.33MB
2023-9-26 14:54:31-debug: custom joint texture layouts start12%
2023-9-26 14:54:31-debug: // ---- build task custom joint texture layouts ----
2023-9-26 14:54:31-debug: run build task 整理部分构建选项内数据到 settings.json success in 2 ms √12%
2023-9-26 14:54:31-debug: // ---- build task custom joint texture layouts ---- (1ms)
2023-9-26 14:54:31-debug: // ---- build task custom joint physics ----
2023-9-26 14:54:31-debug: custom joint physics start12%
2023-9-26 14:54:31-debug: Process: heapTotal 232.91MB heapUsed 199.02MB rss 702.34MB
2023-9-26 14:54:31-debug: run build task custom joint texture layouts success in 1 ms √12%
2023-9-26 14:54:31-debug: 填充脚本数据到 settings.json start13%
2023-9-26 14:54:31-debug: run build task custom joint physics success in 0 ms √13%
2023-9-26 14:54:31-debug: // ---- build task 填充脚本数据到 settings.json ----
2023-9-26 14:54:31-debug: Process: heapTotal 232.91MB heapUsed 199.04MB rss 702.34MB
2023-9-26 14:54:31-debug: run build task 填充脚本数据到 settings.json success in 0 ms √13%
2023-9-26 14:54:31-debug: 填充场景数据到 settings.json start13%
2023-9-26 14:54:31-debug: // ---- build task 填充场景数据到 settings.json ----
2023-9-26 14:54:31-debug: Process: heapTotal 232.91MB heapUsed 199.06MB rss 702.36MB
2023-9-26 14:54:31-debug: run build task 填充场景数据到 settings.json success in 0 ms √14%
2023-9-26 14:54:31-debug: 整理资源分组，生成 packedAssets 以及 rawAssets 数据 start14%
2023-9-26 14:54:31-debug: // ---- build task 整理资源分组，生成 packedAssets 以及 rawAssets 数据 ----
2023-9-26 14:54:31-debug: Process: heapTotal 232.91MB heapUsed 199.08MB rss 702.36MB
2023-9-26 14:54:31-debug: run build task 整理资源分组，生成 packedAssets 以及 rawAssets 数据 success in 0 ms √14%
2023-9-26 14:54:31-debug: 从 suffixMap 生成 md5AssetsMap 到 settings.json start14%
2023-9-26 14:54:31-debug: // ---- build task 从 suffixMap 生成 md5AssetsMap 到 settings.json ----
2023-9-26 14:54:31-debug: options.md5Cache is false.
2023-9-26 14:54:31-debug: Process: heapTotal 232.91MB heapUsed 199.10MB rss 702.38MB
2023-9-26 14:54:31-debug: run build task 从 suffixMap 生成 md5AssetsMap 到 settings.json success in 0 ms √15%
2023-9-26 14:54:39-debug: refresh db internal success
2023-9-26 14:54:39-debug: asset-db:worker-effect-data-processing (90ms)
2023-9-26 14:54:39-debug: refresh db assets success
2023-9-26 14:54:39-debug: asset-db:refresh-all-database (128ms)
2023-9-26 14:54:50-debug: refresh db internal success
2023-9-26 14:54:51-debug: %cImport%c: /Users/shiyanjun/Downloads/MoveBall/assets/src/MoveBall.tsbackground: #aaff85; color: #000;color: #000;
2023-9-26 14:54:51-debug: asset-db:worker-effect-data-processing (127ms)
2023-9-26 14:54:51-debug: refresh db assets success
2023-9-26 14:54:51-debug: asset-db:refresh-all-database (165ms)
2023-9-26 14:54:51-debug: Query all assets info in project
2023-9-26 14:54:51-debug: BuildAssetLibrary query-assets with assets 444
2023-9-26 14:54:51-debug: init custom config: keepNodeUuid: false, useCache: true
2023-9-26 14:54:51-debug:   Number of all scenes: 1
2023-9-26 14:54:51-debug:   Number of all scripts: 2
2023-9-26 14:54:51-debug:   Number of other assets: 298
2023-9-26 14:54:51-debug: 查询 Asset Bundle start0%
2023-9-26 14:54:51-debug: // ---- build task 查询 Asset Bundle ----
2023-9-26 14:54:51-debug: Process: heapTotal 234.56MB heapUsed 196.96MB rss 703.81MB
2023-9-26 14:54:51-debug: // ---- build task 查询 Asset Bundle ---- (5ms)
2023-9-26 14:54:51-debug: run build task 查询 Asset Bundle success in 5 ms √3%
2023-9-26 14:54:51-debug: init bundle assets
2023-9-26 14:54:51-debug: // ---- build task 查询使用的资源以及资源包配置 ----
2023-9-26 14:54:51-debug: Process: heapTotal 234.56MB heapUsed 198.38MB rss 703.83MB
2023-9-26 14:54:51-debug: 查询使用的资源以及资源包配置 start3%
2023-9-26 14:54:51-debug: Query preload assets from cc.config.json: 60f7195c-ec2a-45eb-ba94-8955f60e81d0,1c02ae6f-4492-4915-b8f8-7492a3b1e4cd,810e96e4-e456-4468-9b59-f4e8f39732c0,efe8e2a3-eace-427b-b4f1-cb8a937ec77d,e9aa9a3e-5b2b-4ac7-a2c7-073de2b2b24f,8bbdbcdd-5cd4-4100-b6d5-b7c9625b6107,50f4348b-c883-4e2f-8f11-ce233b859fa1,fda095cb-831d-4601-ad94-846013963de8,f92806d7-1768-443f-afe8-12bcde84d0f0,dd3a144d-ab7f-41f0-82b8-2e43a090d496,f0416e68-0200-4b77-a926-4f9d16e494da,ff9be190-20a4-4e48-b68c-76e3c7cff085,970b0598-bcb0-4714-91fb-2e81440dccd8,bcd64cc6-2dd9-43f6-abbe-66318d332032,d930590d-bb92-4cc8-8bd1-23cd027f9edf,a3cd009f-0ab0-420d-9278-b9fdab939bbc,9361fd90-ba52-4f84-aa93-6e878fd576ca,c27215d8-6835-4b68-bfbb-bdeac6100c04,b5d6115f-0370-4d7c-aad3-c194cc71cf98,871c3b6c-7379-419d-bda3-794b239ab90d
2023-9-26 14:54:51-debug: Number of scenes: 1
2023-9-26 14:54:51-debug: // ---- build task 查询使用的资源以及资源包配置 ---- (2ms)
2023-9-26 14:54:51-debug: run build task 查询使用的资源以及资源包配置 success in 2 ms √7%
2023-9-26 14:54:51-debug: 整理脚本分组与脚本数据 start7%
2023-9-26 14:54:51-debug: // ---- build task 整理脚本分组与脚本数据 ----
2023-9-26 14:54:51-debug: sort script group...
2023-9-26 14:54:51-debug: Process: heapTotal 234.56MB heapUsed 198.50MB rss 703.83MB
2023-9-26 14:54:51-debug: // ---- build task 整理脚本分组与脚本数据 ---- (1ms)
2023-9-26 14:54:51-debug: run build task 整理脚本分组与脚本数据 success in 1 ms √10%
2023-9-26 14:54:51-debug: 初始化 settings.json 与 config.json start10%
2023-9-26 14:54:51-debug: // ---- build task 初始化 settings.json 与 config.json ----
2023-9-26 14:54:51-debug: Process: heapTotal 234.56MB heapUsed 198.53MB rss 703.83MB
2023-9-26 14:54:51-debug: run build task 初始化 settings.json 与 config.json success in 0 ms √11%
2023-9-26 14:54:51-debug: builder.tasks.settings.macro 字段未在编辑器多语言内定义
2023-9-26 14:54:51-debug: builder.tasks.settings.macro start11%
2023-9-26 14:54:51-debug: // ---- build task builder.tasks.settings.macro ----
2023-9-26 14:54:51-debug: Process: heapTotal 234.56MB heapUsed 198.55MB rss 703.84MB
2023-9-26 14:54:51-debug: run build task builder.tasks.settings.macro success in 0 ms √11%
2023-9-26 14:54:51-debug: 整理部分构建选项内数据到 settings.json start11%
2023-9-26 14:54:51-debug: // ---- build task 整理部分构建选项内数据到 settings.json ----
2023-9-26 14:54:51-debug: Process: heapTotal 234.56MB heapUsed 198.57MB rss 703.84MB
2023-9-26 14:54:51-debug: run build task 整理部分构建选项内数据到 settings.json success in 0 ms √12%
2023-9-26 14:54:51-debug: custom joint texture layouts start12%
2023-9-26 14:54:51-debug: // ---- build task custom joint texture layouts ----
2023-9-26 14:54:51-debug: Process: heapTotal 234.56MB heapUsed 198.63MB rss 703.84MB
2023-9-26 14:54:51-debug: run build task custom joint texture layouts success in 0 ms √12%
2023-9-26 14:54:51-debug: // ---- build task custom joint physics ----
2023-9-26 14:54:51-debug: custom joint physics start12%
2023-9-26 14:54:51-debug: Process: heapTotal 234.56MB heapUsed 198.65MB rss 703.84MB
2023-9-26 14:54:51-debug: run build task custom joint physics success in 0 ms √13%
2023-9-26 14:54:51-debug: // ---- build task 填充脚本数据到 settings.json ----
2023-9-26 14:54:51-debug: 填充脚本数据到 settings.json start13%
2023-9-26 14:54:51-debug: Process: heapTotal 234.56MB heapUsed 198.67MB rss 703.84MB
2023-9-26 14:54:51-debug: run build task 填充脚本数据到 settings.json success in 1 ms √13%
2023-9-26 14:54:51-debug: // ---- build task 填充脚本数据到 settings.json ---- (1ms)
2023-9-26 14:54:51-debug: 填充场景数据到 settings.json start13%
2023-9-26 14:54:51-debug: // ---- build task 填充场景数据到 settings.json ----
2023-9-26 14:54:51-debug: Process: heapTotal 234.56MB heapUsed 198.69MB rss 703.84MB
2023-9-26 14:54:51-debug: run build task 填充场景数据到 settings.json success in 0 ms √14%
2023-9-26 14:54:51-debug: // ---- build task 整理资源分组，生成 packedAssets 以及 rawAssets 数据 ----
2023-9-26 14:54:51-debug: Process: heapTotal 234.56MB heapUsed 198.71MB rss 703.84MB
2023-9-26 14:54:51-debug: 整理资源分组，生成 packedAssets 以及 rawAssets 数据 start14%
2023-9-26 14:54:51-debug: run build task 整理资源分组，生成 packedAssets 以及 rawAssets 数据 success in 0 ms √14%
2023-9-26 14:54:51-debug: 从 suffixMap 生成 md5AssetsMap 到 settings.json start14%
2023-9-26 14:54:51-debug: // ---- build task 从 suffixMap 生成 md5AssetsMap 到 settings.json ----
2023-9-26 14:54:51-debug: options.md5Cache is false.
2023-9-26 14:54:51-debug: Process: heapTotal 234.56MB heapUsed 198.74MB rss 703.84MB
2023-9-26 14:54:51-debug: run build task 从 suffixMap 生成 md5AssetsMap 到 settings.json success in 0 ms √15%
2023-9-26 14:54:51-debug: Query all assets info in project
2023-9-26 14:54:51-debug: init custom config: keepNodeUuid: false, useCache: true
2023-9-26 14:54:51-debug:   Number of other assets: 298
2023-9-26 14:54:51-debug: 查询 Asset Bundle start0%
2023-9-26 14:54:51-debug: // ---- build task 查询 Asset Bundle ----
2023-9-26 14:54:51-debug: Process: heapTotal 234.56MB heapUsed 200.39MB rss 703.84MB
2023-9-26 14:54:51-debug: BuildAssetLibrary query-assets with assets 444
2023-9-26 14:54:51-debug:   Number of all scenes: 1
2023-9-26 14:54:51-debug:   Number of all scripts: 2
2023-9-26 14:54:51-debug: run build task 查询 Asset Bundle success in 5 ms √3%
2023-9-26 14:54:51-debug: Process: heapTotal 232.31MB heapUsed 193.11MB rss 703.84MB
2023-9-26 14:54:51-debug: 查询使用的资源以及资源包配置 start3%
2023-9-26 14:54:51-debug: // ---- build task 查询使用的资源以及资源包配置 ----
2023-9-26 14:54:51-debug: init bundle assets
2023-9-26 14:54:51-debug: // ---- build task 查询 Asset Bundle ---- (5ms)
2023-9-26 14:54:51-debug: Query preload assets from cc.config.json: 60f7195c-ec2a-45eb-ba94-8955f60e81d0,1c02ae6f-4492-4915-b8f8-7492a3b1e4cd,810e96e4-e456-4468-9b59-f4e8f39732c0,efe8e2a3-eace-427b-b4f1-cb8a937ec77d,e9aa9a3e-5b2b-4ac7-a2c7-073de2b2b24f,8bbdbcdd-5cd4-4100-b6d5-b7c9625b6107,50f4348b-c883-4e2f-8f11-ce233b859fa1,fda095cb-831d-4601-ad94-846013963de8,f92806d7-1768-443f-afe8-12bcde84d0f0,dd3a144d-ab7f-41f0-82b8-2e43a090d496,f0416e68-0200-4b77-a926-4f9d16e494da,ff9be190-20a4-4e48-b68c-76e3c7cff085,970b0598-bcb0-4714-91fb-2e81440dccd8,bcd64cc6-2dd9-43f6-abbe-66318d332032,d930590d-bb92-4cc8-8bd1-23cd027f9edf,a3cd009f-0ab0-420d-9278-b9fdab939bbc,9361fd90-ba52-4f84-aa93-6e878fd576ca,c27215d8-6835-4b68-bfbb-bdeac6100c04,b5d6115f-0370-4d7c-aad3-c194cc71cf98,871c3b6c-7379-419d-bda3-794b239ab90d
2023-9-26 14:54:51-debug: Number of scenes: 1
2023-9-26 14:54:51-debug: // ---- build task 查询使用的资源以及资源包配置 ---- (1ms)
2023-9-26 14:54:51-debug: 整理脚本分组与脚本数据 start7%
2023-9-26 14:54:51-debug: Process: heapTotal 232.31MB heapUsed 193.21MB rss 703.86MB
2023-9-26 14:54:51-debug: run build task 查询使用的资源以及资源包配置 success in 1 ms √7%
2023-9-26 14:54:51-debug: sort script group...
2023-9-26 14:54:51-debug: // ---- build task 整理脚本分组与脚本数据 ----
2023-9-26 14:54:51-debug: run build task 整理脚本分组与脚本数据 success in 0 ms √10%
2023-9-26 14:54:51-debug: 初始化 settings.json 与 config.json start10%
2023-9-26 14:54:51-debug: // ---- build task 初始化 settings.json 与 config.json ----
2023-9-26 14:54:51-debug: Process: heapTotal 232.31MB heapUsed 193.23MB rss 703.86MB
2023-9-26 14:54:51-debug: run build task 初始化 settings.json 与 config.json success in 0 ms √11%
2023-9-26 14:54:51-debug: builder.tasks.settings.macro 字段未在编辑器多语言内定义
2023-9-26 14:54:51-debug: builder.tasks.settings.macro start11%
2023-9-26 14:54:51-debug: Process: heapTotal 232.31MB heapUsed 193.26MB rss 703.86MB
2023-9-26 14:54:51-debug: // ---- build task builder.tasks.settings.macro ----
2023-9-26 14:54:51-debug: // ---- build task builder.tasks.settings.macro ---- (4ms)
2023-9-26 14:54:51-debug: 整理部分构建选项内数据到 settings.json start11%
2023-9-26 14:54:51-debug: run build task builder.tasks.settings.macro success in 4 ms √11%
2023-9-26 14:54:51-debug: // ---- build task 整理部分构建选项内数据到 settings.json ----
2023-9-26 14:54:51-debug: Process: heapTotal 232.31MB heapUsed 193.28MB rss 703.88MB
2023-9-26 14:54:51-debug: // ---- build task 整理部分构建选项内数据到 settings.json ---- (2ms)
2023-9-26 14:54:51-debug: custom joint texture layouts start12%
2023-9-26 14:54:51-debug: // ---- build task custom joint texture layouts ----
2023-9-26 14:54:51-debug: run build task 整理部分构建选项内数据到 settings.json success in 2 ms √12%
2023-9-26 14:54:51-debug: Process: heapTotal 232.31MB heapUsed 193.34MB rss 703.88MB
2023-9-26 14:54:51-debug: run build task custom joint texture layouts success in 0 ms √12%
2023-9-26 14:54:51-debug: custom joint physics start12%
2023-9-26 14:54:51-debug: Process: heapTotal 232.31MB heapUsed 193.36MB rss 703.88MB
2023-9-26 14:54:51-debug: // ---- build task custom joint physics ----
2023-9-26 14:54:51-debug: run build task custom joint physics success in 0 ms √13%
2023-9-26 14:54:51-debug: 填充脚本数据到 settings.json start13%
2023-9-26 14:54:51-debug: // ---- build task 填充脚本数据到 settings.json ----
2023-9-26 14:54:51-debug: Process: heapTotal 232.31MB heapUsed 193.38MB rss 703.88MB
2023-9-26 14:54:51-debug: // ---- build task 填充脚本数据到 settings.json ---- (1ms)
2023-9-26 14:54:51-debug: run build task 填充脚本数据到 settings.json success in 1 ms √13%
2023-9-26 14:54:51-debug: 填充场景数据到 settings.json start13%
2023-9-26 14:54:51-debug: // ---- build task 填充场景数据到 settings.json ----
2023-9-26 14:54:51-debug: Process: heapTotal 232.31MB heapUsed 193.40MB rss 703.88MB
2023-9-26 14:54:51-debug: run build task 填充场景数据到 settings.json success in 0 ms √14%
2023-9-26 14:54:51-debug: 整理资源分组，生成 packedAssets 以及 rawAssets 数据 start14%
2023-9-26 14:54:51-debug: // ---- build task 整理资源分组，生成 packedAssets 以及 rawAssets 数据 ----
2023-9-26 14:54:51-debug: Process: heapTotal 232.31MB heapUsed 193.42MB rss 703.88MB
2023-9-26 14:54:51-debug: run build task 整理资源分组，生成 packedAssets 以及 rawAssets 数据 success in 0 ms √14%
2023-9-26 14:54:51-debug: // ---- build task 从 suffixMap 生成 md5AssetsMap 到 settings.json ----
2023-9-26 14:54:51-debug: 从 suffixMap 生成 md5AssetsMap 到 settings.json start14%
2023-9-26 14:54:51-debug: Process: heapTotal 232.31MB heapUsed 193.44MB rss 703.89MB
2023-9-26 14:54:51-debug: options.md5Cache is false.
2023-9-26 14:54:51-debug: run build task 从 suffixMap 生成 md5AssetsMap 到 settings.json success in 0 ms √15%
2023-9-26 14:54:52-debug: Query all assets info in project
2023-9-26 14:54:52-debug: BuildAssetLibrary query-assets with assets 444
2023-9-26 14:54:52-debug:   Number of all scenes: 1
2023-9-26 14:54:52-debug:   Number of other assets: 298
2023-9-26 14:54:52-debug: 查询 Asset Bundle start0%
2023-9-26 14:54:52-debug: // ---- build task 查询 Asset Bundle ----
2023-9-26 14:54:52-debug: Process: heapTotal 232.31MB heapUsed 195.07MB rss 703.91MB
2023-9-26 14:54:52-debug:   Number of all scripts: 2
2023-9-26 14:54:52-debug: init custom config: keepNodeUuid: false, useCache: true
2023-9-26 14:54:52-debug: run build task 查询 Asset Bundle success in 4 ms √3%
2023-9-26 14:54:52-debug: // ---- build task 查询 Asset Bundle ---- (4ms)
2023-9-26 14:54:52-debug: // ---- build task 查询使用的资源以及资源包配置 ----
2023-9-26 14:54:52-debug: Process: heapTotal 232.31MB heapUsed 196.48MB rss 703.91MB
2023-9-26 14:54:52-debug: init bundle assets
2023-9-26 14:54:52-debug: 查询使用的资源以及资源包配置 start3%
2023-9-26 14:54:52-debug: Number of scenes: 1
2023-9-26 14:54:52-debug: Query preload assets from cc.config.json: 60f7195c-ec2a-45eb-ba94-8955f60e81d0,1c02ae6f-4492-4915-b8f8-7492a3b1e4cd,810e96e4-e456-4468-9b59-f4e8f39732c0,efe8e2a3-eace-427b-b4f1-cb8a937ec77d,e9aa9a3e-5b2b-4ac7-a2c7-073de2b2b24f,8bbdbcdd-5cd4-4100-b6d5-b7c9625b6107,50f4348b-c883-4e2f-8f11-ce233b859fa1,fda095cb-831d-4601-ad94-846013963de8,f92806d7-1768-443f-afe8-12bcde84d0f0,dd3a144d-ab7f-41f0-82b8-2e43a090d496,f0416e68-0200-4b77-a926-4f9d16e494da,ff9be190-20a4-4e48-b68c-76e3c7cff085,970b0598-bcb0-4714-91fb-2e81440dccd8,bcd64cc6-2dd9-43f6-abbe-66318d332032,d930590d-bb92-4cc8-8bd1-23cd027f9edf,a3cd009f-0ab0-420d-9278-b9fdab939bbc,9361fd90-ba52-4f84-aa93-6e878fd576ca,c27215d8-6835-4b68-bfbb-bdeac6100c04,b5d6115f-0370-4d7c-aad3-c194cc71cf98,871c3b6c-7379-419d-bda3-794b239ab90d
2023-9-26 14:54:52-debug: // ---- build task 查询使用的资源以及资源包配置 ---- (2ms)
2023-9-26 14:54:52-debug: run build task 查询使用的资源以及资源包配置 success in 2 ms √7%
2023-9-26 14:54:52-debug: 整理脚本分组与脚本数据 start7%
2023-9-26 14:54:52-debug: // ---- build task 整理脚本分组与脚本数据 ----
2023-9-26 14:54:52-debug: Process: heapTotal 232.31MB heapUsed 196.59MB rss 703.92MB
2023-9-26 14:54:52-debug: sort script group...
2023-9-26 14:54:52-debug: run build task 整理脚本分组与脚本数据 success in 0 ms √10%
2023-9-26 14:54:52-debug: 初始化 settings.json 与 config.json start10%
2023-9-26 14:54:52-debug: // ---- build task 初始化 settings.json 与 config.json ----
2023-9-26 14:54:52-debug: Process: heapTotal 232.31MB heapUsed 196.61MB rss 703.92MB
2023-9-26 14:54:52-debug: // ---- build task 初始化 settings.json 与 config.json ---- (1ms)
2023-9-26 14:54:52-debug: run build task 初始化 settings.json 与 config.json success in 1 ms √11%
2023-9-26 14:54:52-debug: builder.tasks.settings.macro 字段未在编辑器多语言内定义
2023-9-26 14:54:52-debug: builder.tasks.settings.macro start11%
2023-9-26 14:54:52-debug: // ---- build task builder.tasks.settings.macro ----
2023-9-26 14:54:52-debug: Process: heapTotal 232.31MB heapUsed 196.64MB rss 703.92MB
2023-9-26 14:54:52-debug: // ---- build task builder.tasks.settings.macro ---- (1ms)
2023-9-26 14:54:52-debug: run build task builder.tasks.settings.macro success in 1 ms √11%
2023-9-26 14:54:52-debug: 整理部分构建选项内数据到 settings.json start11%
2023-9-26 14:54:52-debug: // ---- build task 整理部分构建选项内数据到 settings.json ----
2023-9-26 14:54:52-debug: Process: heapTotal 232.31MB heapUsed 196.66MB rss 703.92MB
2023-9-26 14:54:52-debug: // ---- build task 整理部分构建选项内数据到 settings.json ---- (1ms)
2023-9-26 14:54:52-debug: // ---- build task custom joint texture layouts ----
2023-9-26 14:54:52-debug: custom joint texture layouts start12%
2023-9-26 14:54:52-debug: run build task 整理部分构建选项内数据到 settings.json success in 1 ms √12%
2023-9-26 14:54:52-debug: Process: heapTotal 232.31MB heapUsed 196.72MB rss 703.92MB
2023-9-26 14:54:52-debug: run build task custom joint texture layouts success in 0 ms √12%
2023-9-26 14:54:52-debug: custom joint physics start12%
2023-9-26 14:54:52-debug: // ---- build task custom joint physics ----
2023-9-26 14:54:52-debug: Process: heapTotal 232.31MB heapUsed 196.74MB rss 703.92MB
2023-9-26 14:54:52-debug: run build task custom joint physics success in 0 ms √13%
2023-9-26 14:54:52-debug: // ---- build task 填充脚本数据到 settings.json ----
2023-9-26 14:54:52-debug: 填充脚本数据到 settings.json start13%
2023-9-26 14:54:52-debug: Process: heapTotal 232.31MB heapUsed 196.75MB rss 703.92MB
2023-9-26 14:54:52-debug: run build task 填充脚本数据到 settings.json success in 0 ms √13%
2023-9-26 14:54:52-debug: // ---- build task 填充场景数据到 settings.json ----
2023-9-26 14:54:52-debug: 填充场景数据到 settings.json start13%
2023-9-26 14:54:52-debug: Process: heapTotal 232.31MB heapUsed 196.77MB rss 703.92MB
2023-9-26 14:54:52-debug: // ---- build task 填充场景数据到 settings.json ---- (1ms)
2023-9-26 14:54:52-debug: Process: heapTotal 232.31MB heapUsed 196.79MB rss 703.92MB
2023-9-26 14:54:52-debug: run build task 填充场景数据到 settings.json success in 1 ms √14%
2023-9-26 14:54:52-debug: 整理资源分组，生成 packedAssets 以及 rawAssets 数据 start14%
2023-9-26 14:54:52-debug: // ---- build task 整理资源分组，生成 packedAssets 以及 rawAssets 数据 ----
2023-9-26 14:54:52-debug: run build task 整理资源分组，生成 packedAssets 以及 rawAssets 数据 success in 0 ms √14%
2023-9-26 14:54:52-debug: Process: heapTotal 232.31MB heapUsed 196.82MB rss 703.92MB
2023-9-26 14:54:52-debug: // ---- build task 从 suffixMap 生成 md5AssetsMap 到 settings.json ----
2023-9-26 14:54:52-debug: options.md5Cache is false.
2023-9-26 14:54:52-debug: 从 suffixMap 生成 md5AssetsMap 到 settings.json start14%
2023-9-26 14:54:52-debug: // ---- build task 从 suffixMap 生成 md5AssetsMap 到 settings.json ---- (1ms)
2023-9-26 14:54:52-debug: run build task 从 suffixMap 生成 md5AssetsMap 到 settings.json success in 1 ms √15%
2023-9-26 14:55:03-debug: refresh db internal success
2023-9-26 14:55:03-debug: refresh db assets success
2023-9-26 14:55:03-debug: asset-db:worker-effect-data-processing (90ms)
2023-9-26 14:55:03-debug: asset-db:refresh-all-database (121ms)
2023-9-26 14:55:17-debug: refresh db internal success
2023-9-26 14:55:17-debug: asset-db:worker-effect-data-processing (119ms)
2023-9-26 14:55:17-debug: %cImport%c: /Users/shiyanjun/Downloads/MoveBall/assets/src/MoveBall.tsbackground: #aaff85; color: #000;color: #000;
2023-9-26 14:55:17-debug: refresh db assets success
2023-9-26 14:55:17-debug: asset-db:refresh-all-database (152ms)
2023-9-26 14:55:18-debug: Query all assets info in project
2023-9-26 14:55:18-debug: BuildAssetLibrary query-assets with assets 444
2023-9-26 14:55:18-debug:   Number of other assets: 298
2023-9-26 14:55:18-debug: 查询 Asset Bundle start0%
2023-9-26 14:55:18-debug: init custom config: keepNodeUuid: false, useCache: true
2023-9-26 14:55:18-debug:   Number of all scenes: 1
2023-9-26 14:55:18-debug:   Number of all scripts: 2
2023-9-26 14:55:18-debug: // ---- build task 查询 Asset Bundle ----
2023-9-26 14:55:18-debug: Process: heapTotal 236.97MB heapUsed 201.23MB rss 706.08MB
2023-9-26 14:55:18-debug: 查询使用的资源以及资源包配置 start3%
2023-9-26 14:55:18-debug: Process: heapTotal 234.44MB heapUsed 193.29MB rss 706.09MB
2023-9-26 14:55:18-debug: // ---- build task 查询使用的资源以及资源包配置 ----
2023-9-26 14:55:18-debug: // ---- build task 查询 Asset Bundle ---- (4ms)
2023-9-26 14:55:18-debug: run build task 查询 Asset Bundle success in 4 ms √3%
2023-9-26 14:55:18-debug: init bundle assets
2023-9-26 14:55:18-debug: Query preload assets from cc.config.json: 60f7195c-ec2a-45eb-ba94-8955f60e81d0,1c02ae6f-4492-4915-b8f8-7492a3b1e4cd,810e96e4-e456-4468-9b59-f4e8f39732c0,efe8e2a3-eace-427b-b4f1-cb8a937ec77d,e9aa9a3e-5b2b-4ac7-a2c7-073de2b2b24f,8bbdbcdd-5cd4-4100-b6d5-b7c9625b6107,50f4348b-c883-4e2f-8f11-ce233b859fa1,fda095cb-831d-4601-ad94-846013963de8,f92806d7-1768-443f-afe8-12bcde84d0f0,dd3a144d-ab7f-41f0-82b8-2e43a090d496,f0416e68-0200-4b77-a926-4f9d16e494da,ff9be190-20a4-4e48-b68c-76e3c7cff085,970b0598-bcb0-4714-91fb-2e81440dccd8,bcd64cc6-2dd9-43f6-abbe-66318d332032,d930590d-bb92-4cc8-8bd1-23cd027f9edf,a3cd009f-0ab0-420d-9278-b9fdab939bbc,9361fd90-ba52-4f84-aa93-6e878fd576ca,c27215d8-6835-4b68-bfbb-bdeac6100c04,b5d6115f-0370-4d7c-aad3-c194cc71cf98,871c3b6c-7379-419d-bda3-794b239ab90d
2023-9-26 14:55:18-debug: Number of scenes: 1
2023-9-26 14:55:18-debug: // ---- build task 查询使用的资源以及资源包配置 ---- (2ms)
2023-9-26 14:55:18-debug: 整理脚本分组与脚本数据 start7%
2023-9-26 14:55:18-debug: // ---- build task 整理脚本分组与脚本数据 ----
2023-9-26 14:55:18-debug: Process: heapTotal 234.44MB heapUsed 193.41MB rss 706.09MB
2023-9-26 14:55:18-debug: sort script group...
2023-9-26 14:55:18-debug: run build task 查询使用的资源以及资源包配置 success in 2 ms √7%
2023-9-26 14:55:18-debug: // ---- build task 整理脚本分组与脚本数据 ---- (1ms)
2023-9-26 14:55:18-debug: run build task 整理脚本分组与脚本数据 success in 1 ms √10%
2023-9-26 14:55:18-debug: 初始化 settings.json 与 config.json start10%
2023-9-26 14:55:18-debug: // ---- build task 初始化 settings.json 与 config.json ----
2023-9-26 14:55:18-debug: Process: heapTotal 234.44MB heapUsed 193.44MB rss 706.14MB
2023-9-26 14:55:18-debug: run build task 初始化 settings.json 与 config.json success in 0 ms √11%
2023-9-26 14:55:18-debug: builder.tasks.settings.macro 字段未在编辑器多语言内定义
2023-9-26 14:55:18-debug: // ---- build task builder.tasks.settings.macro ----
2023-9-26 14:55:18-debug: builder.tasks.settings.macro start11%
2023-9-26 14:55:18-debug: Process: heapTotal 234.44MB heapUsed 193.46MB rss 706.14MB
2023-9-26 14:55:18-debug: // ---- build task builder.tasks.settings.macro ---- (2ms)
2023-9-26 14:55:18-debug: 整理部分构建选项内数据到 settings.json start11%
2023-9-26 14:55:18-debug: // ---- build task 整理部分构建选项内数据到 settings.json ----
2023-9-26 14:55:18-debug: run build task builder.tasks.settings.macro success in 2 ms √11%
2023-9-26 14:55:18-debug: Process: heapTotal 234.44MB heapUsed 193.49MB rss 706.14MB
2023-9-26 14:55:18-debug: // ---- build task 整理部分构建选项内数据到 settings.json ---- (2ms)
2023-9-26 14:55:18-debug: run build task 整理部分构建选项内数据到 settings.json success in 2 ms √12%
2023-9-26 14:55:18-debug: // ---- build task custom joint texture layouts ----
2023-9-26 14:55:18-debug: custom joint texture layouts start12%
2023-9-26 14:55:18-debug: Process: heapTotal 234.44MB heapUsed 193.55MB rss 706.14MB
2023-9-26 14:55:18-debug: run build task custom joint texture layouts success in 0 ms √12%
2023-9-26 14:55:18-debug: custom joint physics start12%
2023-9-26 14:55:18-debug: // ---- build task custom joint physics ----
2023-9-26 14:55:18-debug: Process: heapTotal 234.44MB heapUsed 193.57MB rss 706.14MB
2023-9-26 14:55:18-debug: // ---- build task custom joint physics ---- (1ms)
2023-9-26 14:55:18-debug: run build task custom joint physics success in 1 ms √13%
2023-9-26 14:55:18-debug: 填充脚本数据到 settings.json start13%
2023-9-26 14:55:18-debug: // ---- build task 填充脚本数据到 settings.json ----
2023-9-26 14:55:18-debug: Process: heapTotal 234.44MB heapUsed 193.59MB rss 706.14MB
2023-9-26 14:55:18-debug: // ---- build task 填充脚本数据到 settings.json ---- (1ms)
2023-9-26 14:55:18-debug: run build task 填充脚本数据到 settings.json success in 1 ms √13%
2023-9-26 14:55:18-debug: 填充场景数据到 settings.json start13%
2023-9-26 14:55:18-debug: // ---- build task 填充场景数据到 settings.json ----
2023-9-26 14:55:18-debug: Process: heapTotal 234.44MB heapUsed 193.63MB rss 706.14MB
2023-9-26 14:55:18-debug: 整理资源分组，生成 packedAssets 以及 rawAssets 数据 start14%
2023-9-26 14:55:18-debug: run build task 填充场景数据到 settings.json success in 0 ms √14%
2023-9-26 14:55:18-debug: // ---- build task 整理资源分组，生成 packedAssets 以及 rawAssets 数据 ----
2023-9-26 14:55:18-debug: Process: heapTotal 234.44MB heapUsed 193.65MB rss 706.14MB
2023-9-26 14:55:18-debug: // ---- build task 整理资源分组，生成 packedAssets 以及 rawAssets 数据 ---- (1ms)
2023-9-26 14:55:18-debug: run build task 整理资源分组，生成 packedAssets 以及 rawAssets 数据 success in 1 ms √14%
2023-9-26 14:55:18-debug: // ---- build task 从 suffixMap 生成 md5AssetsMap 到 settings.json ----
2023-9-26 14:55:18-debug: 从 suffixMap 生成 md5AssetsMap 到 settings.json start14%
2023-9-26 14:55:18-debug: Process: heapTotal 234.44MB heapUsed 193.68MB rss 706.14MB
2023-9-26 14:55:18-debug: options.md5Cache is false.
2023-9-26 14:55:18-debug: run build task 从 suffixMap 生成 md5AssetsMap 到 settings.json success in 0 ms √15%
2023-9-26 14:55:18-debug: Query all assets info in project
2023-9-26 14:55:18-debug: BuildAssetLibrary query-assets with assets 444
2023-9-26 14:55:18-debug:   Number of all scenes: 1
2023-9-26 14:55:18-debug:   Number of all scripts: 2
2023-9-26 14:55:18-debug:   Number of other assets: 298
2023-9-26 14:55:18-debug: 查询 Asset Bundle start0%
2023-9-26 14:55:18-debug: // ---- build task 查询 Asset Bundle ----
2023-9-26 14:55:18-debug: init custom config: keepNodeUuid: false, useCache: true
2023-9-26 14:55:18-debug: Process: heapTotal 234.44MB heapUsed 195.30MB rss 706.25MB
2023-9-26 14:55:18-debug: // ---- build task 查询 Asset Bundle ---- (4ms)
2023-9-26 14:55:18-debug: 查询使用的资源以及资源包配置 start3%
2023-9-26 14:55:18-debug: // ---- build task 查询使用的资源以及资源包配置 ----
2023-9-26 14:55:18-debug: run build task 查询 Asset Bundle success in 4 ms √3%
2023-9-26 14:55:18-debug: Process: heapTotal 234.44MB heapUsed 196.72MB rss 706.38MB
2023-9-26 14:55:18-debug: init bundle assets
2023-9-26 14:55:18-debug: Query preload assets from cc.config.json: 60f7195c-ec2a-45eb-ba94-8955f60e81d0,1c02ae6f-4492-4915-b8f8-7492a3b1e4cd,810e96e4-e456-4468-9b59-f4e8f39732c0,efe8e2a3-eace-427b-b4f1-cb8a937ec77d,e9aa9a3e-5b2b-4ac7-a2c7-073de2b2b24f,8bbdbcdd-5cd4-4100-b6d5-b7c9625b6107,50f4348b-c883-4e2f-8f11-ce233b859fa1,fda095cb-831d-4601-ad94-846013963de8,f92806d7-1768-443f-afe8-12bcde84d0f0,dd3a144d-ab7f-41f0-82b8-2e43a090d496,f0416e68-0200-4b77-a926-4f9d16e494da,ff9be190-20a4-4e48-b68c-76e3c7cff085,970b0598-bcb0-4714-91fb-2e81440dccd8,bcd64cc6-2dd9-43f6-abbe-66318d332032,d930590d-bb92-4cc8-8bd1-23cd027f9edf,a3cd009f-0ab0-420d-9278-b9fdab939bbc,9361fd90-ba52-4f84-aa93-6e878fd576ca,c27215d8-6835-4b68-bfbb-bdeac6100c04,b5d6115f-0370-4d7c-aad3-c194cc71cf98,871c3b6c-7379-419d-bda3-794b239ab90d
2023-9-26 14:55:18-debug: Number of scenes: 1
2023-9-26 14:55:18-debug: // ---- build task 查询使用的资源以及资源包配置 ---- (2ms)
2023-9-26 14:55:18-debug: run build task 查询使用的资源以及资源包配置 success in 2 ms √7%
2023-9-26 14:55:18-debug: // ---- build task 整理脚本分组与脚本数据 ----
2023-9-26 14:55:18-debug: 整理脚本分组与脚本数据 start7%
2023-9-26 14:55:18-debug: Process: heapTotal 234.44MB heapUsed 196.83MB rss 706.38MB
2023-9-26 14:55:18-debug: sort script group...
2023-9-26 14:55:18-debug: run build task 整理脚本分组与脚本数据 success in 0 ms √10%
2023-9-26 14:55:18-debug: 初始化 settings.json 与 config.json start10%
2023-9-26 14:55:18-debug: // ---- build task 初始化 settings.json 与 config.json ----
2023-9-26 14:55:18-debug: Process: heapTotal 234.44MB heapUsed 196.85MB rss 706.38MB
2023-9-26 14:55:18-debug: run build task 初始化 settings.json 与 config.json success in 0 ms √11%
2023-9-26 14:55:18-debug: builder.tasks.settings.macro 字段未在编辑器多语言内定义
2023-9-26 14:55:18-debug: builder.tasks.settings.macro start11%
2023-9-26 14:55:18-debug: // ---- build task builder.tasks.settings.macro ----
2023-9-26 14:55:18-debug: Process: heapTotal 234.44MB heapUsed 196.88MB rss 706.38MB
2023-9-26 14:55:18-debug: run build task builder.tasks.settings.macro success in 1 ms √11%
2023-9-26 14:55:18-debug: // ---- build task 整理部分构建选项内数据到 settings.json ----
2023-9-26 14:55:18-debug: // ---- build task builder.tasks.settings.macro ---- (1ms)
2023-9-26 14:55:18-debug: 整理部分构建选项内数据到 settings.json start11%
2023-9-26 14:55:18-debug: Process: heapTotal 234.44MB heapUsed 196.90MB rss 706.38MB
2023-9-26 14:55:18-debug: run build task 整理部分构建选项内数据到 settings.json success in 1 ms √12%
2023-9-26 14:55:18-debug: custom joint texture layouts start12%
2023-9-26 14:55:18-debug: // ---- build task custom joint texture layouts ----
2023-9-26 14:55:18-debug: // ---- build task 整理部分构建选项内数据到 settings.json ---- (1ms)
2023-9-26 14:55:18-debug: Process: heapTotal 234.44MB heapUsed 196.96MB rss 706.39MB
2023-9-26 14:55:18-debug: run build task custom joint texture layouts success in 0 ms √12%
2023-9-26 14:55:18-debug: custom joint physics start12%
2023-9-26 14:55:18-debug: // ---- build task custom joint physics ----
2023-9-26 14:55:18-debug: Process: heapTotal 234.44MB heapUsed 196.98MB rss 706.39MB
2023-9-26 14:55:18-debug: run build task custom joint physics success in 0 ms √13%
2023-9-26 14:55:18-debug: // ---- build task 填充脚本数据到 settings.json ----
2023-9-26 14:55:18-debug: 填充脚本数据到 settings.json start13%
2023-9-26 14:55:18-debug: Process: heapTotal 234.44MB heapUsed 197.27MB rss 706.39MB
2023-9-26 14:55:18-debug: run build task 填充脚本数据到 settings.json success in 0 ms √13%
2023-9-26 14:55:18-debug: 填充场景数据到 settings.json start13%
2023-9-26 14:55:18-debug: // ---- build task 填充场景数据到 settings.json ----
2023-9-26 14:55:18-debug: Process: heapTotal 234.44MB heapUsed 197.28MB rss 706.41MB
2023-9-26 14:55:18-debug: run build task 填充场景数据到 settings.json success in 0 ms √14%
2023-9-26 14:55:18-debug: 整理资源分组，生成 packedAssets 以及 rawAssets 数据 start14%
2023-9-26 14:55:18-debug: // ---- build task 整理资源分组，生成 packedAssets 以及 rawAssets 数据 ----
2023-9-26 14:55:18-debug: Process: heapTotal 234.44MB heapUsed 197.30MB rss 706.42MB
2023-9-26 14:55:18-debug: run build task 整理资源分组，生成 packedAssets 以及 rawAssets 数据 success in 0 ms √14%
2023-9-26 14:55:18-debug: 从 suffixMap 生成 md5AssetsMap 到 settings.json start14%
2023-9-26 14:55:18-debug: Process: heapTotal 234.44MB heapUsed 197.33MB rss 706.44MB
2023-9-26 14:55:18-debug: // ---- build task 从 suffixMap 生成 md5AssetsMap 到 settings.json ----
2023-9-26 14:55:18-debug: options.md5Cache is false.
2023-9-26 14:55:18-debug: run build task 从 suffixMap 生成 md5AssetsMap 到 settings.json success in 0 ms √15%
2023-9-26 14:55:18-debug: Query all assets info in project
2023-9-26 14:55:18-debug: BuildAssetLibrary query-assets with assets 444
2023-9-26 14:55:18-debug: init custom config: keepNodeUuid: false, useCache: true
2023-9-26 14:55:18-debug:   Number of all scenes: 1
2023-9-26 14:55:18-debug:   Number of other assets: 298
2023-9-26 14:55:18-debug: // ---- build task 查询 Asset Bundle ----
2023-9-26 14:55:18-debug:   Number of all scripts: 2
2023-9-26 14:55:18-debug: Process: heapTotal 234.44MB heapUsed 198.93MB rss 706.44MB
2023-9-26 14:55:18-debug: 查询 Asset Bundle start0%
2023-9-26 14:55:18-debug: // ---- build task 查询 Asset Bundle ---- (5ms)
2023-9-26 14:55:18-debug: run build task 查询 Asset Bundle success in 5 ms √3%
2023-9-26 14:55:18-debug: 查询使用的资源以及资源包配置 start3%
2023-9-26 14:55:18-debug: Process: heapTotal 234.44MB heapUsed 193.58MB rss 706.44MB
2023-9-26 14:55:18-debug: // ---- build task 查询使用的资源以及资源包配置 ----
2023-9-26 14:55:18-debug: init bundle assets
2023-9-26 14:55:18-debug: Query preload assets from cc.config.json: 60f7195c-ec2a-45eb-ba94-8955f60e81d0,1c02ae6f-4492-4915-b8f8-7492a3b1e4cd,810e96e4-e456-4468-9b59-f4e8f39732c0,efe8e2a3-eace-427b-b4f1-cb8a937ec77d,e9aa9a3e-5b2b-4ac7-a2c7-073de2b2b24f,8bbdbcdd-5cd4-4100-b6d5-b7c9625b6107,50f4348b-c883-4e2f-8f11-ce233b859fa1,fda095cb-831d-4601-ad94-846013963de8,f92806d7-1768-443f-afe8-12bcde84d0f0,dd3a144d-ab7f-41f0-82b8-2e43a090d496,f0416e68-0200-4b77-a926-4f9d16e494da,ff9be190-20a4-4e48-b68c-76e3c7cff085,970b0598-bcb0-4714-91fb-2e81440dccd8,bcd64cc6-2dd9-43f6-abbe-66318d332032,d930590d-bb92-4cc8-8bd1-23cd027f9edf,a3cd009f-0ab0-420d-9278-b9fdab939bbc,9361fd90-ba52-4f84-aa93-6e878fd576ca,c27215d8-6835-4b68-bfbb-bdeac6100c04,b5d6115f-0370-4d7c-aad3-c194cc71cf98,871c3b6c-7379-419d-bda3-794b239ab90d
2023-9-26 14:55:18-debug: Number of scenes: 1
2023-9-26 14:55:18-debug: // ---- build task 查询使用的资源以及资源包配置 ---- (1ms)
2023-9-26 14:55:18-debug: run build task 查询使用的资源以及资源包配置 success in 1 ms √7%
2023-9-26 14:55:18-debug: 整理脚本分组与脚本数据 start7%
2023-9-26 14:55:18-debug: // ---- build task 整理脚本分组与脚本数据 ----
2023-9-26 14:55:18-debug: Process: heapTotal 234.44MB heapUsed 193.68MB rss 706.44MB
2023-9-26 14:55:18-debug: sort script group...
2023-9-26 14:55:18-debug: run build task 整理脚本分组与脚本数据 success in 0 ms √10%
2023-9-26 14:55:18-debug: 初始化 settings.json 与 config.json start10%
2023-9-26 14:55:18-debug: // ---- build task 初始化 settings.json 与 config.json ----
2023-9-26 14:55:18-debug: Process: heapTotal 234.44MB heapUsed 193.70MB rss 706.44MB
2023-9-26 14:55:18-debug: run build task 初始化 settings.json 与 config.json success in 0 ms √11%
2023-9-26 14:55:18-debug: builder.tasks.settings.macro 字段未在编辑器多语言内定义
2023-9-26 14:55:18-debug: builder.tasks.settings.macro start11%
2023-9-26 14:55:18-debug: // ---- build task builder.tasks.settings.macro ----
2023-9-26 14:55:18-debug: Process: heapTotal 234.44MB heapUsed 193.73MB rss 706.44MB
2023-9-26 14:55:18-debug: // ---- build task builder.tasks.settings.macro ---- (3ms)
2023-9-26 14:55:18-debug: run build task builder.tasks.settings.macro success in 3 ms √11%
2023-9-26 14:55:18-debug: 整理部分构建选项内数据到 settings.json start11%
2023-9-26 14:55:18-debug: // ---- build task 整理部分构建选项内数据到 settings.json ----
2023-9-26 14:55:18-debug: Process: heapTotal 234.44MB heapUsed 193.75MB rss 706.44MB
2023-9-26 14:55:18-debug: // ---- build task 整理部分构建选项内数据到 settings.json ---- (7ms)
2023-9-26 14:55:18-debug: Process: heapTotal 234.44MB heapUsed 193.81MB rss 706.44MB
2023-9-26 14:55:18-debug: run build task 整理部分构建选项内数据到 settings.json success in 7 ms √12%
2023-9-26 14:55:18-debug: custom joint texture layouts start12%
2023-9-26 14:55:18-debug: // ---- build task custom joint texture layouts ----
2023-9-26 14:55:18-debug: // ---- build task custom joint texture layouts ---- (3ms)
2023-9-26 14:55:18-debug: run build task custom joint texture layouts success in 3 ms √12%
2023-9-26 14:55:18-debug: custom joint physics start12%
2023-9-26 14:55:18-debug: // ---- build task custom joint physics ----
2023-9-26 14:55:18-debug: Process: heapTotal 234.44MB heapUsed 193.83MB rss 706.44MB
2023-9-26 14:55:18-debug: 填充脚本数据到 settings.json start13%
2023-9-26 14:55:18-debug: run build task custom joint physics success in 0 ms √13%
2023-9-26 14:55:18-debug: // ---- build task 填充脚本数据到 settings.json ----
2023-9-26 14:55:18-debug: Process: heapTotal 234.44MB heapUsed 193.85MB rss 706.44MB
2023-9-26 14:55:18-debug: run build task 填充脚本数据到 settings.json success in 0 ms √13%
2023-9-26 14:55:18-debug: Process: heapTotal 234.44MB heapUsed 193.86MB rss 706.44MB
2023-9-26 14:55:18-debug: 填充场景数据到 settings.json start13%
2023-9-26 14:55:18-debug: // ---- build task 填充场景数据到 settings.json ----
2023-9-26 14:55:18-debug: run build task 填充场景数据到 settings.json success in 0 ms √14%
2023-9-26 14:55:18-debug: 整理资源分组，生成 packedAssets 以及 rawAssets 数据 start14%
2023-9-26 14:55:18-debug: // ---- build task 整理资源分组，生成 packedAssets 以及 rawAssets 数据 ----
2023-9-26 14:55:18-debug: Process: heapTotal 234.44MB heapUsed 193.88MB rss 706.45MB
2023-9-26 14:55:18-debug: run build task 整理资源分组，生成 packedAssets 以及 rawAssets 数据 success in 0 ms √14%
2023-9-26 14:55:18-debug: // ---- build task 从 suffixMap 生成 md5AssetsMap 到 settings.json ----
2023-9-26 14:55:18-debug: 从 suffixMap 生成 md5AssetsMap 到 settings.json start14%
2023-9-26 14:55:18-debug: Process: heapTotal 234.44MB heapUsed 193.90MB rss 706.45MB
2023-9-26 14:55:18-debug: options.md5Cache is false.
2023-9-26 14:55:18-debug: // ---- build task 从 suffixMap 生成 md5AssetsMap 到 settings.json ---- (1ms)
2023-9-26 14:55:18-debug: run build task 从 suffixMap 生成 md5AssetsMap 到 settings.json success in 1 ms √15%
2023-9-26 14:55:19-debug: Query all assets info in project
2023-9-26 14:55:19-debug: BuildAssetLibrary query-assets with assets 444
2023-9-26 14:55:19-debug: init custom config: keepNodeUuid: false, useCache: true
2023-9-26 14:55:19-debug:   Number of all scenes: 1
2023-9-26 14:55:19-debug:   Number of all scripts: 2
2023-9-26 14:55:19-debug:   Number of other assets: 298
2023-9-26 14:55:19-debug: 查询 Asset Bundle start0%
2023-9-26 14:55:19-debug: // ---- build task 查询 Asset Bundle ----
2023-9-26 14:55:19-debug: Process: heapTotal 234.44MB heapUsed 195.54MB rss 706.45MB
2023-9-26 14:55:19-debug: // ---- build task 查询 Asset Bundle ---- (5ms)
2023-9-26 14:55:19-debug: Process: heapTotal 234.44MB heapUsed 196.95MB rss 706.45MB
2023-9-26 14:55:19-debug: run build task 查询 Asset Bundle success in 5 ms √3%
2023-9-26 14:55:19-debug: // ---- build task 查询使用的资源以及资源包配置 ----
2023-9-26 14:55:19-debug: 查询使用的资源以及资源包配置 start3%
2023-9-26 14:55:19-debug: init bundle assets
2023-9-26 14:55:19-debug: Query preload assets from cc.config.json: 60f7195c-ec2a-45eb-ba94-8955f60e81d0,1c02ae6f-4492-4915-b8f8-7492a3b1e4cd,810e96e4-e456-4468-9b59-f4e8f39732c0,efe8e2a3-eace-427b-b4f1-cb8a937ec77d,e9aa9a3e-5b2b-4ac7-a2c7-073de2b2b24f,8bbdbcdd-5cd4-4100-b6d5-b7c9625b6107,50f4348b-c883-4e2f-8f11-ce233b859fa1,fda095cb-831d-4601-ad94-846013963de8,f92806d7-1768-443f-afe8-12bcde84d0f0,dd3a144d-ab7f-41f0-82b8-2e43a090d496,f0416e68-0200-4b77-a926-4f9d16e494da,ff9be190-20a4-4e48-b68c-76e3c7cff085,970b0598-bcb0-4714-91fb-2e81440dccd8,bcd64cc6-2dd9-43f6-abbe-66318d332032,d930590d-bb92-4cc8-8bd1-23cd027f9edf,a3cd009f-0ab0-420d-9278-b9fdab939bbc,9361fd90-ba52-4f84-aa93-6e878fd576ca,c27215d8-6835-4b68-bfbb-bdeac6100c04,b5d6115f-0370-4d7c-aad3-c194cc71cf98,871c3b6c-7379-419d-bda3-794b239ab90d
2023-9-26 14:55:19-debug: Number of scenes: 1
2023-9-26 14:55:19-debug: // ---- build task 查询使用的资源以及资源包配置 ---- (1ms)
2023-9-26 14:55:19-debug: 整理脚本分组与脚本数据 start7%
2023-9-26 14:55:19-debug: sort script group...
2023-9-26 14:55:19-debug: Process: heapTotal 234.44MB heapUsed 197.06MB rss 706.45MB
2023-9-26 14:55:19-debug: run build task 查询使用的资源以及资源包配置 success in 1 ms √7%
2023-9-26 14:55:19-debug: // ---- build task 整理脚本分组与脚本数据 ----
2023-9-26 14:55:19-debug: // ---- build task 整理脚本分组与脚本数据 ---- (1ms)
2023-9-26 14:55:19-debug: run build task 整理脚本分组与脚本数据 success in 1 ms √10%
2023-9-26 14:55:19-debug: 初始化 settings.json 与 config.json start10%
2023-9-26 14:55:19-debug: Process: heapTotal 234.44MB heapUsed 197.08MB rss 706.45MB
2023-9-26 14:55:19-debug: // ---- build task 初始化 settings.json 与 config.json ----
2023-9-26 14:55:19-debug: run build task 初始化 settings.json 与 config.json success in 0 ms √11%
2023-9-26 14:55:19-debug: builder.tasks.settings.macro 字段未在编辑器多语言内定义
2023-9-26 14:55:19-debug: builder.tasks.settings.macro start11%
2023-9-26 14:55:19-debug: Process: heapTotal 234.44MB heapUsed 197.10MB rss 706.47MB
2023-9-26 14:55:19-debug: // ---- build task builder.tasks.settings.macro ----
2023-9-26 14:55:19-debug: // ---- build task builder.tasks.settings.macro ---- (1ms)
2023-9-26 14:55:19-debug: run build task builder.tasks.settings.macro success in 1 ms √11%
2023-9-26 14:55:19-debug: 整理部分构建选项内数据到 settings.json start11%
2023-9-26 14:55:19-debug: // ---- build task 整理部分构建选项内数据到 settings.json ----
2023-9-26 14:55:19-debug: Process: heapTotal 234.44MB heapUsed 197.13MB rss 706.47MB
2023-9-26 14:55:19-debug: run build task 整理部分构建选项内数据到 settings.json success in 1 ms √12%
2023-9-26 14:55:19-debug: custom joint texture layouts start12%
2023-9-26 14:55:19-debug: // ---- build task custom joint texture layouts ----
2023-9-26 14:55:19-debug: // ---- build task 整理部分构建选项内数据到 settings.json ---- (1ms)
2023-9-26 14:55:19-debug: Process: heapTotal 234.44MB heapUsed 197.19MB rss 706.47MB
2023-9-26 14:55:19-debug: // ---- build task custom joint texture layouts ---- (1ms)
2023-9-26 14:55:19-debug: run build task custom joint texture layouts success in 1 ms √12%
2023-9-26 14:55:19-debug: custom joint physics start12%
2023-9-26 14:55:19-debug: // ---- build task custom joint physics ----
2023-9-26 14:55:19-debug: Process: heapTotal 234.44MB heapUsed 197.21MB rss 706.47MB
2023-9-26 14:55:19-debug: run build task custom joint physics success in 0 ms √13%
2023-9-26 14:55:19-debug: 填充脚本数据到 settings.json start13%
2023-9-26 14:55:19-debug: // ---- build task 填充脚本数据到 settings.json ----
2023-9-26 14:55:19-debug: Process: heapTotal 234.44MB heapUsed 197.23MB rss 706.48MB
2023-9-26 14:55:19-debug: // ---- build task 填充脚本数据到 settings.json ---- (1ms)
2023-9-26 14:55:19-debug: run build task 填充脚本数据到 settings.json success in 1 ms √13%
2023-9-26 14:55:19-debug: 填充场景数据到 settings.json start13%
2023-9-26 14:55:19-debug: // ---- build task 填充场景数据到 settings.json ----
2023-9-26 14:55:19-debug: Process: heapTotal 234.44MB heapUsed 197.25MB rss 706.50MB
2023-9-26 14:55:19-debug: run build task 填充场景数据到 settings.json success in 0 ms √14%
2023-9-26 14:55:19-debug: // ---- build task 整理资源分组，生成 packedAssets 以及 rawAssets 数据 ----
2023-9-26 14:55:19-debug: 整理资源分组，生成 packedAssets 以及 rawAssets 数据 start14%
2023-9-26 14:55:19-debug: Process: heapTotal 234.44MB heapUsed 197.27MB rss 706.50MB
2023-9-26 14:55:19-debug: // ---- build task 整理资源分组，生成 packedAssets 以及 rawAssets 数据 ---- (1ms)
2023-9-26 14:55:19-debug: run build task 整理资源分组，生成 packedAssets 以及 rawAssets 数据 success in 1 ms √14%
2023-9-26 14:55:19-debug: // ---- build task 从 suffixMap 生成 md5AssetsMap 到 settings.json ----
2023-9-26 14:55:19-debug: 从 suffixMap 生成 md5AssetsMap 到 settings.json start14%
2023-9-26 14:55:19-debug: Process: heapTotal 234.44MB heapUsed 197.29MB rss 706.50MB
2023-9-26 14:55:19-debug: options.md5Cache is false.
2023-9-26 14:55:19-debug: run build task 从 suffixMap 生成 md5AssetsMap 到 settings.json success in 0 ms √15%
